"../../../Engine/Content/EditorResources/S_Actor.uasset" 0
"../../../Engine/Content/EditorResources/S_Actor.uexp" 1
"../../../Engine/Content/EditorResources/S_BoxReflectionCapture.uasset" 2
"../../../Engine/Content/EditorResources/S_BoxReflectionCapture.uexp" 3
"../../../Engine/Content/EngineResources/DefaultTexture.uasset" 4
"../../../Engine/Content/EngineResources/DefaultTexture.uexp" 5
"../../../Engine/Content/EngineResources/DefaultTextureCube.uasset" 6
"../../../Engine/Content/EngineResources/DefaultTextureCube.uexp" 7
"../../../Engine/Content/EngineResources/DefaultVolumeTexture2D.uasset" 8
"../../../Engine/Content/EngineResources/DefaultVolumeTexture2D.uexp" 9
"../../../Engine/Content/EngineResources/DefaultVolumeTexture.uasset" 10
"../../../Engine/Content/EngineResources/DefaultVolumeTexture.uexp" 11
"../../../Engine/Content/EditorResources/S_Trigger.uasset" 12
"../../../Engine/Content/EditorResources/S_Trigger.uexp" 13
"../../../Engine/Content/EditorResources/S_TriggerBox.uasset" 14
"../../../Engine/Content/EditorResources/S_TriggerBox.uexp" 15
"../../../Engine/Content/EditorResources/S_TriggerCapsule.uasset" 16
"../../../Engine/Content/EditorResources/S_TriggerCapsule.uexp" 17
"../../../Engine/Content/EditorResources/S_TriggerSphere.uasset" 18
"../../../Engine/Content/EditorResources/S_TriggerSphere.uexp" 19
"../../../Engine/Content/EngineMeshes/Sphere.uasset" 20
"../../../Engine/Content/EngineMeshes/Sphere.uexp" 21
"../../../Engine/Content/EngineResources/GradientTexture0.uasset" 22
"../../../Engine/Content/EngineResources/GradientTexture0.uexp" 23
"../../../Engine/Content/EngineResources/Black.uasset" 24
"../../../Engine/Content/EngineResources/Black.uexp" 25
"../../../Engine/Content/VREditor/LaserPointer/VR_LaserPower_01.uasset" 26
"../../../Engine/Content/VREditor/LaserPointer/VR_LaserPower_01.uexp" 27
"../../../Engine/Content/VREditor/TransformGizmo/TransformGizmoMaterial.uasset" 28
"../../../Engine/Content/VREditor/TransformGizmo/TransformGizmoMaterial.uexp" 29
"../../../Engine/Content/VREditor/TransformGizmo/TranslucentTransformGizmoMaterial.uasset" 30
"../../../Engine/Content/VREditor/TransformGizmo/TranslucentTransformGizmoMaterial.uexp" 31
"../../../Engine/Content/VREditor/TransformGizmo/PlaneTranslationHandle.uasset" 32
"../../../Engine/Content/VREditor/TransformGizmo/PlaneTranslationHandle.uexp" 33
"../../../Engine/Content/VREditor/TransformGizmo/BoundingBoxCorner.uasset" 34
"../../../Engine/Content/VREditor/TransformGizmo/BoundingBoxCorner.uexp" 35
"../../../Engine/Content/VREditor/TransformGizmo/BoundingBoxEdge.uasset" 36
"../../../Engine/Content/VREditor/TransformGizmo/BoundingBoxEdge.uexp" 37
"../../../Engine/Content/VREditor/TransformGizmo/Main.uasset" 38
"../../../Engine/Content/VREditor/TransformGizmo/Main.uexp" 39
"../../../Engine/Content/VREditor/TransformGizmo/Xray.uasset" 40
"../../../Engine/Content/VREditor/TransformGizmo/Xray.uexp" 41
"../../../Engine/Content/VREditor/TransformGizmo/SM_Sequencer_Node.uasset" 42
"../../../Engine/Content/VREditor/TransformGizmo/SM_Sequencer_Node.uexp" 43
"../../../Engine/Content/EditorMaterials/Camera/CineMat.uasset" 44
"../../../Engine/Content/EditorMaterials/Camera/CineMat.uexp" 45
"../../../Engine/Content/EditorMaterials/Camera/MI_CineMat_Rig.uasset" 46
"../../../Engine/Content/EditorMaterials/Camera/MI_CineMat_Rig.uexp" 47
"../../../Engine/Content/EditorMeshes/Camera/SM_CraneRig_Base.uasset" 48
"../../../Engine/Content/EditorMeshes/Camera/SM_CraneRig_Base.uexp" 49
"../../../Engine/Content/EditorMeshes/Camera/SM_CraneRig_Arm.uasset" 50
"../../../Engine/Content/EditorMeshes/Camera/SM_CraneRig_Arm.uexp" 51
"../../../Engine/Content/EditorMeshes/Camera/SM_CraneRig_Mount.uasset" 52
"../../../Engine/Content/EditorMeshes/Camera/SM_CraneRig_Mount.uexp" 53
"../../../Engine/Content/EditorMeshes/Camera/SM_CraneRig_Body.uasset" 54
"../../../Engine/Content/EditorMeshes/Camera/SM_CraneRig_Body.uexp" 55
"../../../Engine/Content/EditorMeshes/Camera/SM_RailRig_Track.uasset" 56
"../../../Engine/Content/EditorMeshes/Camera/SM_RailRig_Track.uexp" 57
"../../../Engine/Content/EditorMeshes/Camera/SM_RailRig_Mount.uasset" 58
"../../../Engine/Content/EditorMeshes/Camera/SM_RailRig_Mount.uexp" 59
"../../../Engine/Content/EngineMaterials/T_Default_Material_Grid_M.uasset" 60
"../../../Engine/Content/EngineMaterials/T_Default_Material_Grid_M.uexp" 61
"../../../Engine/Content/EngineMaterials/T_Default_Material_Grid_N.uasset" 62
"../../../Engine/Content/EngineMaterials/T_Default_Material_Grid_N.uexp" 63
"../../../Engine/Content/Functions/Engine_MaterialFunctions01/Opacity/CameraDepthFade.uasset" 64
"../../../Engine/Content/Functions/Engine_MaterialFunctions01/Opacity/CameraDepthFade.uexp" 65
"../../../Engine/Content/EngineMaterials/WorldGridMaterial.uasset" 66
"../../../Engine/Content/EngineMaterials/WorldGridMaterial.uexp" 67
"../../../Engine/Content/ArtTools/RenderToTexture/Meshes/S_1_Unit_Plane.uasset" 68
"../../../Engine/Content/ArtTools/RenderToTexture/Meshes/S_1_Unit_Plane.uexp" 69
"../../../Engine/Content/EditorMaterials/ParticleSystems/PSysThumbnail_NoImage.uasset" 70
"../../../Engine/Content/EditorMaterials/ParticleSystems/PSysThumbnail_NoImage.uexp" 71
"../../../Engine/Content/EditorMaterials/ParticleSystems/PSysThumbnail_OOD.uasset" 72
"../../../Engine/Content/EditorMaterials/ParticleSystems/PSysThumbnail_OOD.uexp" 73
"../../../Engine/Content/EditorLandscapeResources/SplineEditorMeshMat.uasset" 74
"../../../Engine/Content/EditorLandscapeResources/SplineEditorMeshMat.uexp" 75
"../../../Engine/Content/EditorLandscapeResources/SplineEditorMesh.uasset" 76
"../../../Engine/Content/EditorLandscapeResources/SplineEditorMesh.uexp" 77
"../../../Engine/Content/EditorResources/S_Solver.uasset" 78
"../../../Engine/Content/EditorResources/S_Solver.uexp" 79
"../../../Engine/Content/EditorMeshes/EditorSphere.uasset" 80
"../../../Engine/Content/EditorMeshes/EditorSphere.uexp" 81
"../../../Engine/Plugins/Media/MediaPlate/Content/SM_MediaPlateScreen.uasset" 82
"../../../Engine/Plugins/Media/MediaPlate/Content/SM_MediaPlateScreen.uexp" 83
"../../../Engine/Content/EngineMaterials/Good64x64TilingNoiseHighFreq.uasset" 84
"../../../Engine/Content/EngineMaterials/Good64x64TilingNoiseHighFreq.uexp" 85
"../../../Engine/Content/EngineMaterials/DefaultBokeh.uasset" 86
"../../../Engine/Content/EngineMaterials/DefaultBokeh.uexp" 87
"../../../Engine/Content/EngineMaterials/PreintegratedSkinBRDF.uasset" 88
"../../../Engine/Content/EngineMaterials/PreintegratedSkinBRDF.uexp" 89
"../../../Engine/Content/EngineMaterials/MiniFont.uasset" 90
"../../../Engine/Content/EngineMaterials/MiniFont.uexp" 91
"../../../Engine/Content/EngineMaterials/WeightMapPlaceholderTexture.uasset" 92
"../../../Engine/Content/EngineMaterials/WeightMapPlaceholderTexture.uexp" 93
"../../../Engine/Content/EngineMaterials/DefaultWhiteGrid.uasset" 94
"../../../Engine/Content/EngineMaterials/DefaultWhiteGrid.uexp" 95
"../../../Engine/Content/Functions/Engine_MaterialFunctions01/Shading/PowerToRoughness.uasset" 96
"../../../Engine/Content/Functions/Engine_MaterialFunctions01/Shading/PowerToRoughness.uexp" 97
"../../../Engine/Content/EngineSounds/Master.uasset" 98
"../../../Engine/Content/EngineSounds/Master.uexp" 99
"../../../Engine/Content/EngineSky/VolumetricClouds/CloudWeatherTexture.uasset" 100
"../../../Engine/Content/EngineSky/VolumetricClouds/CloudWeatherTexture.uexp" 101
"../../../Engine/Content/Functions/Engine_MaterialFunctions02/Utility/MakeFloat2.uasset" 102
"../../../Engine/Content/Functions/Engine_MaterialFunctions02/Utility/MakeFloat2.uexp" 103
"../../../Engine/Content/EngineSky/VolumetricClouds/CloudGradientTexture.uasset" 104
"../../../Engine/Content/EngineSky/VolumetricClouds/CloudGradientTexture.uexp" 105
"../../../Engine/Content/EngineSky/VolumetricClouds/T_NoiseShape64.uasset" 106
"../../../Engine/Content/EngineSky/VolumetricClouds/T_NoiseShape64.uexp" 107
"../../../Engine/Content/EngineSky/VolumetricClouds/T_VolumeNoiseShape64.uasset" 108
"../../../Engine/Content/EngineSky/VolumetricClouds/T_VolumeNoiseShape64.uexp" 109
"../../../Engine/Content/EngineSky/VolumetricClouds/T_NoiseErosion.uasset" 110
"../../../Engine/Content/EngineSky/VolumetricClouds/T_NoiseErosion.uexp" 111
"../../../Engine/Content/EngineSky/VolumetricClouds/T_VolumeNoiseErosion32.uasset" 112
"../../../Engine/Content/EngineSky/VolumetricClouds/T_VolumeNoiseErosion32.uexp" 113
"../../../Engine/Content/EngineSky/VolumetricClouds/m_SimpleVolumetricCloud.uasset" 114
"../../../Engine/Content/EngineSky/VolumetricClouds/m_SimpleVolumetricCloud.uexp" 115
"../../../Engine/Content/EngineSky/VolumetricClouds/m_SimpleVolumetricCloud_Inst.uasset" 116
"../../../Engine/Content/EngineSky/VolumetricClouds/m_SimpleVolumetricCloud_Inst.uexp" 117
"../../../Engine/Content/EngineResources/FilmGrains/Marcie_Grain_v3_128_M2_000.uasset" 118
"../../../Engine/Content/EngineResources/FilmGrains/Marcie_Grain_v3_128_M2_000.uexp" 119
"../../../Engine/Content/EngineResources/WhiteSquareTexture.uasset" 120
"../../../Engine/Content/EngineResources/WhiteSquareTexture.uexp" 121
"../../../Engine/Content/EngineMaterials/Widget3DPassThrough.uasset" 122
"../../../Engine/Content/EngineMaterials/Widget3DPassThrough.uexp" 123
"../../../Engine/Content/EngineMaterials/Widget3DPassThrough_Translucent.uasset" 124
"../../../Engine/Content/EngineMaterials/Widget3DPassThrough_Translucent.uexp" 125
"../../../Engine/Content/EngineMaterials/Widget3DPassThrough_Translucent_OneSided.uasset" 126
"../../../Engine/Content/EngineMaterials/Widget3DPassThrough_Translucent_OneSided.uexp" 127
"../../../Engine/Content/EngineMaterials/Widget3DPassThrough_Opaque.uasset" 128
"../../../Engine/Content/EngineMaterials/Widget3DPassThrough_Opaque.uexp" 129
"../../../Engine/Content/EngineMaterials/Widget3DPassThrough_Opaque_OneSided.uasset" 130
"../../../Engine/Content/EngineMaterials/Widget3DPassThrough_Opaque_OneSided.uexp" 131
"../../../Engine/Content/EngineMaterials/Widget3DPassThrough_Masked_OneSided.uasset" 132
"../../../Engine/Content/EngineMaterials/Widget3DPassThrough_Masked_OneSided.uexp" 133
"../../../Engine/Content/EngineMaterials/Widget3DPassThrough_Masked.uasset" 134
"../../../Engine/Content/EngineMaterials/Widget3DPassThrough_Masked.uexp" 135
"../../../Engine/Content/EngineMaterials/STBlueNoise_vec2_128x128x64.uasset" 136
"../../../Engine/Content/EngineMaterials/STBlueNoise_vec2_128x128x64.uexp" 137
"../../../Engine/Content/EngineMaterials/STBlueNoise_scalar_128x128x64.uasset" 138
"../../../Engine/Content/EngineMaterials/STBlueNoise_scalar_128x128x64.uexp" 139
"../../../Engine/Content/EngineMaterials/RemoveSurfaceMaterial.uasset" 140
"../../../Engine/Content/EngineMaterials/RemoveSurfaceMaterial.uexp" 141
"../../../Engine/Content/EngineMaterials/DefaultCalibrationGrayscale.uasset" 142
"../../../Engine/Content/EngineMaterials/DefaultCalibrationGrayscale.uexp" 143
"../../../Engine/Content/EngineMaterials/PPM_DefaultCalibrationGrayscale.uasset" 144
"../../../Engine/Content/EngineMaterials/PPM_DefaultCalibrationGrayscale.uexp" 145
"../../../Engine/Content/EngineMaterials/DefaultCalibrationColor.uasset" 146
"../../../Engine/Content/EngineMaterials/DefaultCalibrationColor.uexp" 147
"../../../Engine/Content/EngineMaterials/PPM_DefaultCalibrationColor.uasset" 148
"../../../Engine/Content/EngineMaterials/PPM_DefaultCalibrationColor.uexp" 149
"../../../Engine/Content/Functions/Engine_MaterialFunctions02/WorldPositionOffset/CameraOffset.uasset" 150
"../../../Engine/Content/Functions/Engine_MaterialFunctions02/WorldPositionOffset/CameraOffset.uexp" 151
"../../../Engine/Content/EngineMaterials/PhAT_JointLimitMaterial.uasset" 152
"../../../Engine/Content/EngineMaterials/PhAT_JointLimitMaterial.uexp" 153
"../../../Engine/Content/EngineMaterials/InvalidLightmapSettings.uasset" 154
"../../../Engine/Content/EngineMaterials/InvalidLightmapSettings.uexp" 155
"../../../Engine/Content/EngineMaterials/M_InvalidLightmapSettings.uasset" 156
"../../../Engine/Content/EngineMaterials/M_InvalidLightmapSettings.uexp" 157
"../../../Engine/Content/EngineMaterials/GizmoMaterial.uasset" 158
"../../../Engine/Content/EngineMaterials/GizmoMaterial.uexp" 159
"../../../Engine/Content/EngineMaterials/BaseFlattenEmissiveMap_VT.uasset" 160
"../../../Engine/Content/EngineMaterials/BaseFlattenEmissiveMap_VT.uexp" 161
"../../../Engine/Content/EngineMaterials/BaseFlattenGrayscaleMap_VT.uasset" 162
"../../../Engine/Content/EngineMaterials/BaseFlattenGrayscaleMap_VT.uexp" 163
"../../../Engine/Content/EngineMaterials/BaseFlattenLinearColor_VT.uasset" 164
"../../../Engine/Content/EngineMaterials/BaseFlattenLinearColor_VT.uexp" 165
"../../../Engine/Content/EngineMaterials/Black_1x1_EXR_Texture_VT.uasset" 166
"../../../Engine/Content/EngineMaterials/Black_1x1_EXR_Texture_VT.uexp" 167
"../../../Engine/Content/EngineMaterials/BaseFlattenDiffuseMap_VT.uasset" 168
"../../../Engine/Content/EngineMaterials/BaseFlattenDiffuseMap_VT.uexp" 169
"../../../Engine/Content/EngineMaterials/BaseFlattenNormalMap_VT.uasset" 170
"../../../Engine/Content/EngineMaterials/BaseFlattenNormalMap_VT.uexp" 171
"../../../Engine/Content/EngineMaterials/FlattenMaterial_WS_Normal_VT.uasset" 172
"../../../Engine/Content/EngineMaterials/FlattenMaterial_WS_Normal_VT.uexp" 173
"../../../Engine/Content/EngineMaterials/FlattenMaterial_VT.uasset" 174
"../../../Engine/Content/EngineMaterials/FlattenMaterial_VT.uexp" 175
"../../../Engine/Content/EngineMaterials/BaseFlattenNormalMap.uasset" 176
"../../../Engine/Content/EngineMaterials/BaseFlattenNormalMap.uexp" 177
"../../../Engine/Content/EngineMaterials/BaseFlattenGrayscaleMap.uasset" 178
"../../../Engine/Content/EngineMaterials/BaseFlattenGrayscaleMap.uexp" 179
"../../../Engine/Content/EngineMaterials/BaseFlattenDiffuseMap.uasset" 180
"../../../Engine/Content/EngineMaterials/BaseFlattenDiffuseMap.uexp" 181
"../../../Engine/Content/Functions/Engine_MaterialFunctions02/PivotPainter2/Black_1x1_EXR_Texture.uasset" 182
"../../../Engine/Content/Functions/Engine_MaterialFunctions02/PivotPainter2/Black_1x1_EXR_Texture.uexp" 183
"../../../Engine/Content/EngineMaterials/BaseFlattenEmissiveMap.uasset" 184
"../../../Engine/Content/EngineMaterials/BaseFlattenEmissiveMap.uexp" 185
"../../../Engine/Content/EngineMaterials/BaseFlattenLinearColor.uasset" 186
"../../../Engine/Content/EngineMaterials/BaseFlattenLinearColor.uexp" 187
"../../../Engine/Content/EngineMaterials/FlattenMaterial.uasset" 188
"../../../Engine/Content/EngineMaterials/FlattenMaterial.uexp" 189
"../../../Engine/Content/EngineMaterials/DefaultWhiteGrid_Low.uasset" 190
"../../../Engine/Content/EngineMaterials/DefaultWhiteGrid_Low.uexp" 191
"../../../Engine/Content/EngineMaterials/EmissiveMeshMaterial.uasset" 192
"../../../Engine/Content/EngineMaterials/EmissiveMeshMaterial.uexp" 193
"../../../Engine/Content/EngineMaterials/DefaultTextMaterialOpaque.uasset" 194
"../../../Engine/Content/EngineMaterials/DefaultTextMaterialOpaque.uexp" 195
"../../../Engine/Content/EngineMaterials/DefaultDiffuse.uasset" 196
"../../../Engine/Content/EngineMaterials/DefaultDiffuse.uexp" 197
"../../../Engine/Content/Functions/Engine_MaterialFunctions02/Utility/BreakOutFloat2Components.uasset" 198
"../../../Engine/Content/Functions/Engine_MaterialFunctions02/Utility/BreakOutFloat2Components.uexp" 199
"../../../Engine/Content/EngineMaterials/DefaultPostProcessMaterial.uasset" 200
"../../../Engine/Content/EngineMaterials/DefaultPostProcessMaterial.uexp" 201
"../../../Engine/Content/EngineMaterials/DefaultLightFunctionMaterial.uasset" 202
"../../../Engine/Content/EngineMaterials/DefaultLightFunctionMaterial.uexp" 203
"../../../Engine/Content/EngineMaterials/DefaultDestructiblePhysicalMaterial.uasset" 204
"../../../Engine/Content/EngineMaterials/DefaultDestructiblePhysicalMaterial.uexp" 205
"../../../Engine/Content/EngineMaterials/DefaultDeferredDecalMaterial.uasset" 206
"../../../Engine/Content/EngineMaterials/DefaultDeferredDecalMaterial.uexp" 207
"../../../Engine/Content/EngineMaterials/DefaultBloomKernel.uasset" 208
"../../../Engine/Content/EngineMaterials/DefaultBloomKernel.uexp" 209
"../../../Engine/Content/EngineFonts/Faces/RobotoLight.uexp" 210
"../../../Engine/Content/EngineFonts/Faces/RobotoLight.uasset" 211
"../../../Engine/Content/EngineFonts/Faces/RobotoLight.ufont" 212
"../../../Engine/Content/EngineFonts/Faces/RobotoBold.uexp" 213
"../../../Engine/Content/EngineFonts/Faces/RobotoBold.uasset" 214
"../../../Engine/Content/EngineFonts/Faces/RobotoBold.ufont" 215
"../../../Engine/Content/EngineFonts/Faces/RobotoRegular.uexp" 216
"../../../Engine/Content/EngineFonts/Faces/RobotoRegular.uasset" 217
"../../../Engine/Content/EngineFonts/Faces/RobotoRegular.ufont" 218
"../../../Engine/Content/EngineFonts/Faces/DroidSansFallback.uexp" 219
"../../../Engine/Content/EngineFonts/Faces/DroidSansFallback.uasset" 220
"../../../Engine/Content/EngineFonts/Faces/DroidSansFallback.ufont" 221
"../../../Engine/Content/EngineFonts/Faces/RobotoItalic.uexp" 222
"../../../Engine/Content/EngineFonts/Faces/RobotoItalic.uasset" 223
"../../../Engine/Content/EngineFonts/Faces/RobotoItalic.ufont" 224
"../../../Engine/Content/EngineFonts/Faces/RobotoBoldItalic.uexp" 225
"../../../Engine/Content/EngineFonts/Faces/RobotoBoldItalic.uasset" 226
"../../../Engine/Content/EngineFonts/Faces/RobotoBoldItalic.ufont" 227
"../../../Engine/Content/Functions/Engine_MaterialFunctions02/Utility/CameraDirectionVector.uasset" 228
"../../../Engine/Content/Functions/Engine_MaterialFunctions02/Utility/CameraDirectionVector.uexp" 229
"../../../Engine/Content/EngineDebugMaterials/VolumeToRender.uasset" 230
"../../../Engine/Content/EngineDebugMaterials/VolumeToRender.uexp" 231
"../../../Engine/Content/EngineDebugMaterials/M_VolumeRenderSphereTracePP.uasset" 232
"../../../Engine/Content/EngineDebugMaterials/M_VolumeRenderSphereTracePP.uexp" 233
"../../../Engine/Content/EngineDebugMaterials/M_SimpleUnlitTranslucent.uasset" 234
"../../../Engine/Content/EngineDebugMaterials/M_SimpleUnlitTranslucent.uexp" 235
"../../../Engine/Content/EngineDebugMaterials/DebugMeshMaterial.uasset" 236
"../../../Engine/Content/EngineDebugMaterials/DebugMeshMaterial.uexp" 237
"../../../Engine/Content/EngineDebugMaterials/DebugEditorMaterial.uasset" 238
"../../../Engine/Content/EngineDebugMaterials/DebugEditorMaterial.uexp" 239
"../../../Engine/Content/EngineDamageTypes/DmgTypeBP_Environmental.uasset" 240
"../../../Engine/Content/EngineDamageTypes/DmgTypeBP_Environmental.uexp" 241
"../../../Engine/Content/EditorResources/S_Terrain.uasset" 242
"../../../Engine/Content/EditorResources/S_Terrain.uexp" 243
"../../../Engine/Content/EditorResources/EmptyActor.uasset" 244
"../../../Engine/Content/EditorResources/EmptyActor.uexp" 245
"../../../Engine/Content/EditorResources/BSPVertex.uasset" 246
"../../../Engine/Content/EditorResources/BSPVertex.uexp" 247
"../../../Engine/Content/EditorResources/SequenceRecorder/RecordingIndicator.uasset" 248
"../../../Engine/Content/EditorResources/SequenceRecorder/RecordingIndicator.uexp" 249
"../../../Engine/Content/EditorResources/SequenceRecorder/Countdown.uasset" 250
"../../../Engine/Content/EditorResources/SequenceRecorder/Countdown.uexp" 251
"../../../Engine/Content/EditorResources/LightIcons/S_LightError.uasset" 252
"../../../Engine/Content/EditorResources/LightIcons/S_LightError.uexp" 253
"../../../Engine/Content/EditorResources/AudioIcons/S_AudioComponent.uasset" 254
"../../../Engine/Content/EditorResources/AudioIcons/S_AudioComponent.uexp" 255
"../../../Engine/Content/EditorMaterials/PreviewShadowIndicator.uasset" 256
"../../../Engine/Content/EditorMaterials/PreviewShadowIndicator.uexp" 257
"../../../Engine/Content/EditorMaterials/PreviewShadowIndicatorMaterial.uasset" 258
"../../../Engine/Content/EditorMaterials/PreviewShadowIndicatorMaterial.uexp" 259
"../../../Engine/Content/EditorMaterials/PhAT_UnselectedMaterial.uasset" 260
"../../../Engine/Content/EditorMaterials/PhAT_UnselectedMaterial.uexp" 261
"../../../Engine/Content/EditorMaterials/PhAT_NoCollisionMaterial.uasset" 262
"../../../Engine/Content/EditorMaterials/PhAT_NoCollisionMaterial.uexp" 263
"../../../Engine/Content/Functions/Engine_MaterialFunctions02/Utility/MakeFloat4.uasset" 264
"../../../Engine/Content/Functions/Engine_MaterialFunctions02/Utility/MakeFloat4.uexp" 265
"../../../Engine/Content/Functions/Engine_MaterialFunctions02/Utility/MakeFloat3.uasset" 266
"../../../Engine/Content/Functions/Engine_MaterialFunctions02/Utility/MakeFloat3.uexp" 267
"../../../Engine/Content/Functions/Engine_MaterialFunctions02/Utility/BreakOutFloat3Components.uasset" 268
"../../../Engine/Content/Functions/Engine_MaterialFunctions02/Utility/BreakOutFloat3Components.uexp" 269
"../../../Engine/Content/EditorMaterials/WorldPartition/WorldPartitionSpatialHashGridPreviewMaterial.uasset" 270
"../../../Engine/Content/EditorMaterials/WorldPartition/WorldPartitionSpatialHashGridPreviewMaterial.uexp" 271
"../../../Engine/Content/EditorLandscapeResources/DefaultAlphaTexture.uasset" 272
"../../../Engine/Content/EditorLandscapeResources/DefaultAlphaTexture.uexp" 273
"../../../Engine/Content/EditorLandscapeResources/DataLayer.uasset" 274
"../../../Engine/Content/EditorLandscapeResources/DataLayer.uexp" 275
"../../../Engine/Content/EngineMaterials/DefaultMaterial.uasset" 276
"../../../Engine/Content/EngineMaterials/DefaultMaterial.uexp" 277
"../../../Engine/Content/BasicShapes/Sphere.uasset" 278
"../../../Engine/Content/BasicShapes/Sphere.uexp" 279
"../../../Engine/Content/BasicShapes/Cylinder.uasset" 280
"../../../Engine/Content/BasicShapes/Cylinder.uexp" 281
"../../../Engine/Plugins/Runtime/MeshModelingToolset/Content/Materials/M_DynamicMeshComponentVtxColor.uasset" 282
"../../../Engine/Plugins/Runtime/MeshModelingToolset/Content/Materials/M_DynamicMeshComponentVtxColor.uexp" 283
"../../../Engine/Plugins/Interchange/Runtime/Content/Pipelines/DefaultTexturePipeline.uasset" 284
"../../../Engine/Plugins/Interchange/Runtime/Content/Pipelines/DefaultTexturePipeline.uexp" 285
"../../../Engine/Plugins/Interchange/Runtime/Content/Pipelines/DefaultSceneLevelPipeline.uasset" 286
"../../../Engine/Plugins/Interchange/Runtime/Content/Pipelines/DefaultSceneLevelPipeline.uexp" 287
"../../../Engine/Plugins/Interchange/Runtime/Content/Pipelines/DefaultSceneAssetsPipeline.uasset" 288
"../../../Engine/Plugins/Interchange/Runtime/Content/Pipelines/DefaultSceneAssetsPipeline.uexp" 289
"../../../Engine/Plugins/Interchange/Runtime/Content/Pipelines/DefaultMaterialPipeline.uasset" 290
"../../../Engine/Plugins/Interchange/Runtime/Content/Pipelines/DefaultMaterialPipeline.uexp" 291
"../../../Engine/Plugins/Interchange/Runtime/Content/Pipelines/DefaultAssetsPipeline.uasset" 292
"../../../Engine/Plugins/Interchange/Runtime/Content/Pipelines/DefaultAssetsPipeline.uexp" 293
"../../../Engine/Plugins/Interchange/Runtime/Content/Materials/UnlitMaterial.uasset" 294
"../../../Engine/Plugins/Interchange/Runtime/Content/Materials/UnlitMaterial.uexp" 295
"../../../Engine/Content/EngineMaterials/DefaultNormal.uasset" 296
"../../../Engine/Content/EngineMaterials/DefaultNormal.uexp" 297
"../../../Engine/Plugins/Interchange/Runtime/Content/Materials/MapOrScalarFunction.uasset" 298
"../../../Engine/Plugins/Interchange/Runtime/Content/Materials/MapOrScalarFunction.uexp" 299
"../../../Engine/Plugins/Interchange/Runtime/Content/Materials/MapOrLinearColorFunction.uasset" 300
"../../../Engine/Plugins/Interchange/Runtime/Content/Materials/MapOrLinearColorFunction.uexp" 301
"../../../Engine/Plugins/Interchange/Runtime/Content/Materials/MapOrColorFunction.uasset" 302
"../../../Engine/Plugins/Interchange/Runtime/Content/Materials/MapOrColorFunction.uexp" 303
"../../../Engine/Plugins/Interchange/Runtime/Content/Materials/CommonMaterial.uasset" 304
"../../../Engine/Plugins/Interchange/Runtime/Content/Materials/CommonMaterial.uexp" 305
"../../../Engine/Plugins/Interchange/Runtime/Content/Materials/PBRSurfaceFunction.uasset" 306
"../../../Engine/Plugins/Interchange/Runtime/Content/Materials/PBRSurfaceFunction.uexp" 307
"../../../Engine/Plugins/Interchange/Runtime/Content/Materials/ThinTranslucentMaterial.uasset" 308
"../../../Engine/Plugins/Interchange/Runtime/Content/Materials/ThinTranslucentMaterial.uexp" 309
"../../../Engine/Plugins/Interchange/Runtime/Content/Materials/SubsurfaceMaterial.uasset" 310
"../../../Engine/Plugins/Interchange/Runtime/Content/Materials/SubsurfaceMaterial.uexp" 311
"../../../Engine/Plugins/Interchange/Runtime/Content/Materials/SheenMaterial.uasset" 312
"../../../Engine/Plugins/Interchange/Runtime/Content/Materials/SheenMaterial.uexp" 313
"../../../Engine/Content/Functions/Engine_MaterialFunctions01/Shading/ConvertFromDiffSpec.uasset" 314
"../../../Engine/Content/Functions/Engine_MaterialFunctions01/Shading/ConvertFromDiffSpec.uexp" 315
"../../../Engine/Plugins/Interchange/Runtime/Content/Materials/PhongSurfaceMaterial.uasset" 316
"../../../Engine/Plugins/Interchange/Runtime/Content/Materials/PhongSurfaceMaterial.uexp" 317
"../../../Engine/Plugins/Interchange/Runtime/Content/Materials/PBRSurfaceMaterial.uasset" 318
"../../../Engine/Plugins/Interchange/Runtime/Content/Materials/PBRSurfaceMaterial.uexp" 319
"../../../Engine/Content/EngineMaterials/FlatNormal.uasset" 320
"../../../Engine/Content/EngineMaterials/FlatNormal.uexp" 321
"../../../Engine/Plugins/Interchange/Runtime/Content/Functions/MF_OrenNayerView.uasset" 322
"../../../Engine/Plugins/Interchange/Runtime/Content/Functions/MF_OrenNayerView.uexp" 323
"../../../Engine/Content/EditorLandscapeResources/WhiteSquareTexture.uasset" 324
"../../../Engine/Content/EditorLandscapeResources/WhiteSquareTexture.uexp" 325
"../../../Engine/Plugins/Interchange/Runtime/Content/Functions/MF_SchlickApprox.uasset" 326
"../../../Engine/Plugins/Interchange/Runtime/Content/Functions/MF_SchlickApprox.uexp" 327
"../../../Engine/Plugins/Interchange/Runtime/Content/Utilities/New_LUT.uasset" 328
"../../../Engine/Plugins/Interchange/Runtime/Content/Utilities/New_LUT.uexp" 329
"../../../Engine/Content/Functions/Engine_MaterialFunctions03/Math/RemapValueRange.uasset" 330
"../../../Engine/Content/Functions/Engine_MaterialFunctions03/Math/RemapValueRange.uexp" 331
"../../../Engine/Plugins/Interchange/Runtime/Content/Functions/MF_Iridescence.uasset" 332
"../../../Engine/Plugins/Interchange/Runtime/Content/Functions/MF_Iridescence.uexp" 333
"../../../Engine/Plugins/Interchange/Runtime/Content/Materials/OrenNayerMaterial.uasset" 334
"../../../Engine/Plugins/Interchange/Runtime/Content/Materials/OrenNayerMaterial.uexp" 335
"../../../Engine/Plugins/Interchange/Runtime/Content/Materials/LambertSurfaceMaterial.uasset" 336
"../../../Engine/Plugins/Interchange/Runtime/Content/Materials/LambertSurfaceMaterial.uexp" 337
"../../../Engine/Plugins/Interchange/Runtime/Content/Materials/ClearCoatMaterial.uasset" 338
"../../../Engine/Plugins/Interchange/Runtime/Content/Materials/ClearCoatMaterial.uexp" 339
"../../../Engine/Plugins/Interchange/Runtime/Content/gltf/Textures/T_Gray_Linear.uasset" 340
"../../../Engine/Plugins/Interchange/Runtime/Content/gltf/Textures/T_Gray_Linear.uexp" 341
"../../../Engine/Plugins/Interchange/Runtime/Content/gltf/Textures/T_Black_srgb.uasset" 342
"../../../Engine/Plugins/Interchange/Runtime/Content/gltf/Textures/T_Black_srgb.uexp" 343
"../../../Engine/Plugins/Interchange/Runtime/Content/gltf/MaterialFunctions/MF_RotateV2.uasset" 344
"../../../Engine/Plugins/Interchange/Runtime/Content/gltf/MaterialFunctions/MF_RotateV2.uexp" 345
"../../../Engine/Plugins/Interchange/Runtime/Content/gltf/MaterialFunctions/MF_TransformUVs.uasset" 346
"../../../Engine/Plugins/Interchange/Runtime/Content/gltf/MaterialFunctions/MF_TransformUVs.uexp" 347
"../../../Engine/Plugins/Interchange/Runtime/Content/gltf/Textures/T_White_srgb.uasset" 348
"../../../Engine/Plugins/Interchange/Runtime/Content/gltf/Textures/T_White_srgb.uexp" 349
"../../../Engine/Plugins/Interchange/Runtime/Content/gltf/MaterialFunctions/MF_BaseColor.uasset" 350
"../../../Engine/Plugins/Interchange/Runtime/Content/gltf/MaterialFunctions/MF_BaseColor.uexp" 351
"../../../Engine/Plugins/Interchange/Runtime/Content/gltf/MaterialFunctions/MF_DiffuseSpecGloss.uasset" 352
"../../../Engine/Plugins/Interchange/Runtime/Content/gltf/MaterialFunctions/MF_DiffuseSpecGloss.uexp" 353
"../../../Engine/Plugins/Interchange/Runtime/Content/gltf/Textures/T_White_Linear.uasset" 354
"../../../Engine/Plugins/Interchange/Runtime/Content/gltf/Textures/T_White_Linear.uexp" 355
"../../../Engine/Plugins/Interchange/Runtime/Content/gltf/MaterialFunctions/MF_MetallicRoughness.uasset" 356
"../../../Engine/Plugins/Interchange/Runtime/Content/gltf/MaterialFunctions/MF_MetallicRoughness.uexp" 357
"../../../Engine/Plugins/Interchange/Runtime/Content/gltf/MaterialFunctions/MF_Transmission.uasset" 358
"../../../Engine/Plugins/Interchange/Runtime/Content/gltf/MaterialFunctions/MF_Transmission.uexp" 359
"../../../Engine/Plugins/Interchange/Runtime/Content/gltf/MaterialFunctions/MF_Occlusion.uasset" 360
"../../../Engine/Plugins/Interchange/Runtime/Content/gltf/MaterialFunctions/MF_Occlusion.uexp" 361
"../../../Engine/Content/Functions/Engine_MaterialFunctions02/Texturing/CustomRotator.uasset" 362
"../../../Engine/Content/Functions/Engine_MaterialFunctions02/Texturing/CustomRotator.uexp" 363
"../../../Engine/Content/Functions/Engine_MaterialFunctions02/Texturing/ScreenAlignedPixelToPixelUVs.uasset" 364
"../../../Engine/Content/Functions/Engine_MaterialFunctions02/Texturing/ScreenAlignedPixelToPixelUVs.uexp" 365
"../../../Engine/Plugins/Interchange/Runtime/Content/Utilities/T_Bayer64_Grayscale_64px.uasset" 366
"../../../Engine/Plugins/Interchange/Runtime/Content/Utilities/T_Bayer64_Grayscale_64px.uexp" 367
"../../../Engine/Plugins/Interchange/Runtime/Content/gltf/MaterialFunctions/MF_Temporal_Blur.uasset" 368
"../../../Engine/Plugins/Interchange/Runtime/Content/gltf/MaterialFunctions/MF_Temporal_Blur.uexp" 369
"../../../Engine/Plugins/Interchange/Runtime/Content/gltf/MaterialFunctions/MF_Specular.uasset" 370
"../../../Engine/Plugins/Interchange/Runtime/Content/gltf/MaterialFunctions/MF_Specular.uexp" 371
"../../../Engine/Plugins/Interchange/Runtime/Content/gltf/MaterialFunctions/MF_IOR.uasset" 372
"../../../Engine/Plugins/Interchange/Runtime/Content/gltf/MaterialFunctions/MF_IOR.uexp" 373
"../../../Engine/Plugins/Interchange/Runtime/Content/gltf/MaterialFunctions/MF_Fresnel_DS.uasset" 374
"../../../Engine/Plugins/Interchange/Runtime/Content/gltf/MaterialFunctions/MF_Fresnel_DS.uexp" 375
"../../../Engine/Content/Functions/Engine_MaterialFunctions01/Texturing/FlattenNormal.uasset" 376
"../../../Engine/Content/Functions/Engine_MaterialFunctions01/Texturing/FlattenNormal.uexp" 377
"../../../Engine/Content/Functions/Engine_MaterialFunctions02/Math/Transform3x3Matrix.uasset" 378
"../../../Engine/Content/Functions/Engine_MaterialFunctions02/Math/Transform3x3Matrix.uexp" 379
"../../../Engine/Plugins/Interchange/Runtime/Content/gltf/MaterialFunctions/MF_RotateNormals_TS.uasset" 380
"../../../Engine/Plugins/Interchange/Runtime/Content/gltf/MaterialFunctions/MF_RotateNormals_TS.uexp" 381
"../../../Engine/Plugins/Interchange/Runtime/Content/gltf/Textures/T_Generic_N.uasset" 382
"../../../Engine/Plugins/Interchange/Runtime/Content/gltf/Textures/T_Generic_N.uexp" 383
"../../../Engine/Plugins/Interchange/Runtime/Content/gltf/MaterialFunctions/MF_Normals.uasset" 384
"../../../Engine/Plugins/Interchange/Runtime/Content/gltf/MaterialFunctions/MF_Normals.uexp" 385
"../../../Engine/Content/Functions/Engine_MaterialFunctions02/Math/AddComponents.uasset" 386
"../../../Engine/Content/Functions/Engine_MaterialFunctions02/Math/AddComponents.uexp" 387
"../../../Engine/Plugins/Interchange/Runtime/Content/gltf/MaterialFunctions/MF_PerceivedBrightness.uasset" 388
"../../../Engine/Plugins/Interchange/Runtime/Content/gltf/MaterialFunctions/MF_PerceivedBrightness.uexp" 389
"../../../Engine/Plugins/Interchange/Runtime/Content/gltf/MaterialFunctions/MF_SpecGlossToMetalRoughness.uasset" 390
"../../../Engine/Plugins/Interchange/Runtime/Content/gltf/MaterialFunctions/MF_SpecGlossToMetalRoughness.uexp" 391
"../../../Engine/Plugins/Interchange/Runtime/Content/gltf/M_Transmission.uasset" 392
"../../../Engine/Plugins/Interchange/Runtime/Content/gltf/M_Transmission.uexp" 393
"../../../Engine/Plugins/Interchange/Runtime/Content/gltf/MaterialInstances_SG/MI_Transmission_TS.uasset" 394
"../../../Engine/Plugins/Interchange/Runtime/Content/gltf/MaterialInstances_SG/MI_Transmission_TS.uexp" 395
"../../../Engine/Plugins/Interchange/Runtime/Content/gltf/MaterialInstances_SG/MI_Transmission.uasset" 396
"../../../Engine/Plugins/Interchange/Runtime/Content/gltf/MaterialInstances_SG/MI_Transmission.uexp" 397
"../../../Engine/Plugins/Interchange/Runtime/Content/gltf/MaterialFunctions/MF_Clearcoat.uasset" 398
"../../../Engine/Plugins/Interchange/Runtime/Content/gltf/MaterialFunctions/MF_Clearcoat.uexp" 399
"../../../Engine/Plugins/Interchange/Runtime/Content/gltf/MaterialFunctions/MF_Emissive.uasset" 400
"../../../Engine/Plugins/Interchange/Runtime/Content/gltf/MaterialFunctions/MF_Emissive.uexp" 401
"../../../Engine/Plugins/Interchange/Runtime/Content/gltf/M_Translucent.uasset" 402
"../../../Engine/Plugins/Interchange/Runtime/Content/gltf/M_Translucent.uexp" 403
"../../../Engine/Plugins/Interchange/Runtime/Content/gltf/MaterialInstances_SG/MI_Translucent_TS.uasset" 404
"../../../Engine/Plugins/Interchange/Runtime/Content/gltf/MaterialInstances_SG/MI_Translucent_TS.uexp" 405
"../../../Engine/Plugins/Interchange/Runtime/Content/gltf/MaterialInstances_SG/MI_Translucent_ClearCoat_TS.uasset" 406
"../../../Engine/Plugins/Interchange/Runtime/Content/gltf/MaterialInstances_SG/MI_Translucent_ClearCoat_TS.uexp" 407
"../../../Engine/Plugins/Interchange/Runtime/Content/gltf/MaterialInstances_SG/MI_Translucent_ClearCoat.uasset" 408
"../../../Engine/Plugins/Interchange/Runtime/Content/gltf/MaterialInstances_SG/MI_Translucent_ClearCoat.uexp" 409
"../../../Engine/Plugins/Interchange/Runtime/Content/gltf/MaterialInstances_SG/MI_Translucent.uasset" 410
"../../../Engine/Plugins/Interchange/Runtime/Content/gltf/MaterialInstances_SG/MI_Translucent.uexp" 411
"../../../Engine/Plugins/Interchange/Runtime/Content/gltf/M_Opaque.uasset" 412
"../../../Engine/Plugins/Interchange/Runtime/Content/gltf/M_Opaque.uexp" 413
"../../../Engine/Plugins/Interchange/Runtime/Content/gltf/MaterialInstances_SG/MI_Opaque_TS.uasset" 414
"../../../Engine/Plugins/Interchange/Runtime/Content/gltf/MaterialInstances_SG/MI_Opaque_TS.uexp" 415
"../../../Engine/Plugins/Interchange/Runtime/Content/gltf/MaterialFunctions/MF_Sheen.uasset" 416
"../../../Engine/Plugins/Interchange/Runtime/Content/gltf/MaterialFunctions/MF_Sheen.uexp" 417
"../../../Engine/Content/Functions/Engine_MaterialFunctions01/Shading/FuzzyShading.uasset" 418
"../../../Engine/Content/Functions/Engine_MaterialFunctions01/Shading/FuzzyShading.uexp" 419
"../../../Engine/Plugins/Interchange/Runtime/Content/gltf/M_Sheen.uasset" 420
"../../../Engine/Plugins/Interchange/Runtime/Content/gltf/M_Sheen.uexp" 421
"../../../Engine/Plugins/Interchange/Runtime/Content/gltf/MaterialInstances_SG/MI_Opaque_Sheen_TS.uasset" 422
"../../../Engine/Plugins/Interchange/Runtime/Content/gltf/MaterialInstances_SG/MI_Opaque_Sheen_TS.uexp" 423
"../../../Engine/Plugins/Interchange/Runtime/Content/gltf/MaterialInstances_SG/MI_Opaque_Sheen.uasset" 424
"../../../Engine/Plugins/Interchange/Runtime/Content/gltf/MaterialInstances_SG/MI_Opaque_Sheen.uexp" 425
"../../../Engine/Plugins/Interchange/Runtime/Content/gltf/MaterialInstances_SG/MI_Opaque_ClearCoat_TS.uasset" 426
"../../../Engine/Plugins/Interchange/Runtime/Content/gltf/MaterialInstances_SG/MI_Opaque_ClearCoat_TS.uexp" 427
"../../../Engine/Plugins/Interchange/Runtime/Content/gltf/MaterialInstances_SG/MI_Opaque_ClearCoat.uasset" 428
"../../../Engine/Plugins/Interchange/Runtime/Content/gltf/MaterialInstances_SG/MI_Opaque_ClearCoat.uexp" 429
"../../../Engine/Plugins/Interchange/Runtime/Content/gltf/MaterialInstances_SG/MI_Opaque.uasset" 430
"../../../Engine/Plugins/Interchange/Runtime/Content/gltf/MaterialInstances_SG/MI_Opaque.uexp" 431
"../../../Engine/Plugins/Interchange/Runtime/Content/gltf/MaterialInstances_MR/MI_Transmission_TS.uasset" 432
"../../../Engine/Plugins/Interchange/Runtime/Content/gltf/MaterialInstances_MR/MI_Transmission_TS.uexp" 433
"../../../Engine/Plugins/Interchange/Runtime/Content/gltf/MaterialInstances_MR/MI_Transmission.uasset" 434
"../../../Engine/Plugins/Interchange/Runtime/Content/gltf/MaterialInstances_MR/MI_Transmission.uexp" 435
"../../../Engine/Plugins/Interchange/Runtime/Content/gltf/MaterialInstances_MR/MI_Translucent_TS.uasset" 436
"../../../Engine/Plugins/Interchange/Runtime/Content/gltf/MaterialInstances_MR/MI_Translucent_TS.uexp" 437
"../../../Engine/Plugins/Interchange/Runtime/Content/gltf/MaterialInstances_MR/MI_Translucent_ClearCoat_TS.uasset" 438
"../../../Engine/Plugins/Interchange/Runtime/Content/gltf/MaterialInstances_MR/MI_Translucent_ClearCoat_TS.uexp" 439
"../../../Engine/Plugins/Interchange/Runtime/Content/gltf/MaterialInstances_MR/MI_Translucent_ClearCoat.uasset" 440
"../../../Engine/Plugins/Interchange/Runtime/Content/gltf/MaterialInstances_MR/MI_Translucent_ClearCoat.uexp" 441
"../../../Engine/Plugins/Interchange/Runtime/Content/gltf/MaterialInstances_MR/MI_Translucent.uasset" 442
"../../../Engine/Plugins/Interchange/Runtime/Content/gltf/MaterialInstances_MR/MI_Translucent.uexp" 443
"../../../Engine/Plugins/Interchange/Runtime/Content/gltf/M_Unlit.uasset" 444
"../../../Engine/Plugins/Interchange/Runtime/Content/gltf/M_Unlit.uexp" 445
"../../../Engine/Plugins/Interchange/Runtime/Content/gltf/MaterialInstances_MR/MI_Opaque_Unlit_TS.uasset" 446
"../../../Engine/Plugins/Interchange/Runtime/Content/gltf/MaterialInstances_MR/MI_Opaque_Unlit_TS.uexp" 447
"../../../Engine/Plugins/Interchange/Runtime/Content/gltf/MaterialInstances_MR/MI_Opaque_Unlit.uasset" 448
"../../../Engine/Plugins/Interchange/Runtime/Content/gltf/MaterialInstances_MR/MI_Opaque_Unlit.uexp" 449
"../../../Engine/Plugins/Interchange/Runtime/Content/gltf/MaterialInstances_MR/MI_Opaque_TS.uasset" 450
"../../../Engine/Plugins/Interchange/Runtime/Content/gltf/MaterialInstances_MR/MI_Opaque_TS.uexp" 451
"../../../Engine/Plugins/Interchange/Runtime/Content/gltf/MaterialInstances_MR/MI_Opaque_Sheen_TS.uasset" 452
"../../../Engine/Plugins/Interchange/Runtime/Content/gltf/MaterialInstances_MR/MI_Opaque_Sheen_TS.uexp" 453
"../../../Engine/Plugins/Interchange/Runtime/Content/gltf/MaterialInstances_MR/MI_Opaque_Sheen.uasset" 454
"../../../Engine/Plugins/Interchange/Runtime/Content/gltf/MaterialInstances_MR/MI_Opaque_Sheen.uexp" 455
"../../../Engine/Plugins/Interchange/Runtime/Content/gltf/MaterialInstances_MR/MI_Opaque_ClearCoat_TS.uasset" 456
"../../../Engine/Plugins/Interchange/Runtime/Content/gltf/MaterialInstances_MR/MI_Opaque_ClearCoat_TS.uexp" 457
"../../../Engine/Plugins/Interchange/Runtime/Content/gltf/MaterialInstances_MR/MI_Opaque_ClearCoat.uasset" 458
"../../../Engine/Plugins/Interchange/Runtime/Content/gltf/MaterialInstances_MR/MI_Opaque_ClearCoat.uexp" 459
"../../../Engine/Plugins/Interchange/Runtime/Content/gltf/MaterialInstances_MR/MI_Opaque.uasset" 460
"../../../Engine/Plugins/Interchange/Runtime/Content/gltf/MaterialInstances_MR/MI_Opaque.uexp" 461
"../../../Engine/Content/Functions/Engine_MaterialFunctions02/Utility/VectorLength.uasset" 462
"../../../Engine/Content/Functions/Engine_MaterialFunctions02/Utility/VectorLength.uexp" 463
"../../../Engine/Content/Functions/Engine_MaterialFunctions02/WorldPositionOffset/V2/ObjectScale.uasset" 464
"../../../Engine/Content/Functions/Engine_MaterialFunctions02/WorldPositionOffset/V2/ObjectScale.uexp" 465
"../../../Engine/Content/Functions/Engine_MaterialFunctions02/ObjectLocalBounds.uasset" 466
"../../../Engine/Content/Functions/Engine_MaterialFunctions02/ObjectLocalBounds.uexp" 467
"../../../Engine/Plugins/Interchange/Runtime/Content/gltf/MaterialFunctions/MF_TransmissionOpacity.uasset" 468
"../../../Engine/Plugins/Interchange/Runtime/Content/gltf/MaterialFunctions/MF_TransmissionOpacity.uexp" 469
"../../../Engine/Plugins/Interchange/Runtime/Content/Functions/MX_Transmission.uasset" 470
"../../../Engine/Plugins/Interchange/Runtime/Content/Functions/MX_Transmission.uexp" 471
"../../../Engine/Plugins/Interchange/Runtime/Content/Functions/MX_StandardSurface.uasset" 472
"../../../Engine/Plugins/Interchange/Runtime/Content/Functions/MX_StandardSurface.uexp" 473
"../../../Engine/Plugins/Interchange/Runtime/Content/Functions/MX_TransmissionSurface.uasset" 474
"../../../Engine/Plugins/Interchange/Runtime/Content/Functions/MX_TransmissionSurface.uexp" 475
"../../../Engine/Plugins/Editor/SpeedTreeImporter/Content/SpeedTree9/game_wind_noise.uasset" 476
"../../../Engine/Plugins/Editor/SpeedTreeImporter/Content/SpeedTree9/game_wind_noise.uexp" 477
"../../../Engine/Plugins/Editor/SpeedTreeImporter/Content/SpeedTree9/UnpackDirection.uasset" 478
"../../../Engine/Plugins/Editor/SpeedTreeImporter/Content/SpeedTree9/UnpackDirection.uexp" 479
"../../../Engine/Content/Functions/Engine_MaterialFunctions02/UVs/BoundingBoxBased_0-1_UVW.uasset" 480
"../../../Engine/Content/Functions/Engine_MaterialFunctions02/UVs/BoundingBoxBased_0-1_UVW.uexp" 481
"../../../Engine/Plugins/Editor/SpeedTreeImporter/Content/SpeedTree9/UnpackInteger3.uasset" 482
"../../../Engine/Plugins/Editor/SpeedTreeImporter/Content/SpeedTree9/UnpackInteger3.uexp" 483
"../../../Engine/Plugins/Editor/SpeedTreeImporter/Content/SpeedTree9/SpeedTreeCameraFacing.uasset" 484
"../../../Engine/Plugins/Editor/SpeedTreeImporter/Content/SpeedTree9/SpeedTreeCameraFacing.uexp" 485
"../../../Engine/Content/Functions/Engine_MaterialFunctions02/WorldPositionOffset/ObjectScale.uasset" 486
"../../../Engine/Content/Functions/Engine_MaterialFunctions02/WorldPositionOffset/ObjectScale.uexp" 487
"../../../Engine/Content/Functions/Engine_MaterialFunctions02/SafeNormalize.uasset" 488
"../../../Engine/Content/Functions/Engine_MaterialFunctions02/SafeNormalize.uexp" 489
"../../../Engine/Plugins/Editor/SpeedTreeImporter/Content/SpeedTree9/SpeedTreeWindMotion.uasset" 490
"../../../Engine/Plugins/Editor/SpeedTreeImporter/Content/SpeedTree9/SpeedTreeWindMotion.uexp" 491
"../../../Engine/Plugins/Editor/SpeedTreeImporter/Content/SpeedTree9/SpeedTreeBranchMotion.uasset" 492
"../../../Engine/Plugins/Editor/SpeedTreeImporter/Content/SpeedTree9/SpeedTreeBranchMotion.uexp" 493
"../../../Engine/Plugins/Editor/SpeedTreeImporter/Content/SpeedTree9/SpeedTreeWind.uasset" 494
"../../../Engine/Plugins/Editor/SpeedTreeImporter/Content/SpeedTree9/SpeedTreeWind.uexp" 495
"../../../Engine/Plugins/Editor/SpeedTreeImporter/Content/SpeedTree9/EmptyNormal.uasset" 496
"../../../Engine/Plugins/Editor/SpeedTreeImporter/Content/SpeedTree9/EmptyNormal.uexp" 497
"../../../Engine/Plugins/Editor/SpeedTreeImporter/Content/SpeedTree9/Empty.uasset" 498
"../../../Engine/Plugins/Editor/SpeedTreeImporter/Content/SpeedTree9/Empty.uexp" 499
"../../../Engine/Plugins/Editor/SpeedTreeImporter/Content/SpeedTree9/SpeedTreeMaster.uasset" 500
"../../../Engine/Plugins/Editor/SpeedTreeImporter/Content/SpeedTree9/SpeedTreeMaster.uexp" 501
"../../../Engine/Plugins/Editor/SpeedTreeImporter/Content/SpeedTree9/SpeedTreeBillboard.uasset" 502
"../../../Engine/Plugins/Editor/SpeedTreeImporter/Content/SpeedTree9/SpeedTreeBillboard.uexp" 503
"../../../Engine/Plugins/Editor/SpeedTreeImporter/Content/SpeedTree9/SpeedTreeBillboardMaster.uasset" 504
"../../../Engine/Plugins/Editor/SpeedTreeImporter/Content/SpeedTree9/SpeedTreeBillboardMaster.uexp" 505
"../../../Engine/Plugins/Animation/ControlRig/Content/M_Manip.uasset" 506
"../../../Engine/Plugins/Animation/ControlRig/Content/M_Manip.uexp" 507
"../../../Engine/Plugins/Animation/ControlRig/Content/Controls/DefaultGizmoLibraryNormalized.uasset" 508
"../../../Engine/Plugins/Animation/ControlRig/Content/Controls/DefaultGizmoLibraryNormalized.uexp" 509
"../../../Engine/Plugins/Animation/ControlRig/Content/Controls/ControlRig_Wedge_solid.uasset" 510
"../../../Engine/Plugins/Animation/ControlRig/Content/Controls/ControlRig_Wedge_solid.uexp" 511
"../../../Engine/Plugins/Animation/ControlRig/Content/Controls/ControlRig_Wedge_3mm.uasset" 512
"../../../Engine/Plugins/Animation/ControlRig/Content/Controls/ControlRig_Wedge_3mm.uexp" 513
"../../../Engine/Plugins/Animation/ControlRig/Content/Controls/ControlRig_Wedge_1mm.uasset" 514
"../../../Engine/Plugins/Animation/ControlRig/Content/Controls/ControlRig_Wedge_1mm.uexp" 515
"../../../Engine/Plugins/Animation/ControlRig/Content/Controls/ControlRig_Triangle_solid.uasset" 516
"../../../Engine/Plugins/Animation/ControlRig/Content/Controls/ControlRig_Triangle_solid.uexp" 517
"../../../Engine/Plugins/Animation/ControlRig/Content/Controls/ControlRig_Triangle_3mm.uasset" 518
"../../../Engine/Plugins/Animation/ControlRig/Content/Controls/ControlRig_Triangle_3mm.uexp" 519
"../../../Engine/Plugins/Animation/ControlRig/Content/Controls/ControlRig_Triangle_1mm.uasset" 520
"../../../Engine/Plugins/Animation/ControlRig/Content/Controls/ControlRig_Triangle_1mm.uexp" 521
"../../../Engine/Plugins/Animation/ControlRig/Content/Controls/ControlRig_Star4_solid.uasset" 522
"../../../Engine/Plugins/Animation/ControlRig/Content/Controls/ControlRig_Star4_solid.uexp" 523
"../../../Engine/Plugins/Animation/ControlRig/Content/Controls/ControlRig_Star4_3mm.uasset" 524
"../../../Engine/Plugins/Animation/ControlRig/Content/Controls/ControlRig_Star4_3mm.uexp" 525
"../../../Engine/Plugins/Animation/ControlRig/Content/Controls/ControlRig_Star4_1mm.uasset" 526
"../../../Engine/Plugins/Animation/ControlRig/Content/Controls/ControlRig_Star4_1mm.uexp" 527
"../../../Engine/Plugins/Animation/ControlRig/Content/Controls/ControlRig_Square_solid.uasset" 528
"../../../Engine/Plugins/Animation/ControlRig/Content/Controls/ControlRig_Square_solid.uexp" 529
"../../../Engine/Plugins/Animation/ControlRig/Content/Controls/ControlRig_Square_3mm.uasset" 530
"../../../Engine/Plugins/Animation/ControlRig/Content/Controls/ControlRig_Square_3mm.uexp" 531
"../../../Engine/Plugins/Animation/ControlRig/Content/Controls/ControlRig_Square_1mm.uasset" 532
"../../../Engine/Plugins/Animation/ControlRig/Content/Controls/ControlRig_Square_1mm.uexp" 533
"../../../Engine/Plugins/Animation/ControlRig/Content/Controls/ControlRig_Sphere_solid.uasset" 534
"../../../Engine/Plugins/Animation/ControlRig/Content/Controls/ControlRig_Sphere_solid.uexp" 535
"../../../Engine/Plugins/Animation/ControlRig/Content/Controls/ControlRig_Sphere_3mm.uasset" 536
"../../../Engine/Plugins/Animation/ControlRig/Content/Controls/ControlRig_Sphere_3mm.uexp" 537
"../../../Engine/Plugins/Animation/ControlRig/Content/Controls/ControlRig_Sphere_1mm.uasset" 538
"../../../Engine/Plugins/Animation/ControlRig/Content/Controls/ControlRig_Sphere_1mm.uexp" 539
"../../../Engine/Plugins/Animation/ControlRig/Content/Controls/ControlRig_RoundedTriangle_solid.uasset" 540
"../../../Engine/Plugins/Animation/ControlRig/Content/Controls/ControlRig_RoundedTriangle_solid.uexp" 541
"../../../Engine/Plugins/Animation/ControlRig/Content/Controls/ControlRig_RoundedTriangle_3mm.uasset" 542
"../../../Engine/Plugins/Animation/ControlRig/Content/Controls/ControlRig_RoundedTriangle_3mm.uexp" 543
"../../../Engine/Plugins/Animation/ControlRig/Content/Controls/ControlRig_RoundedTriangle_1mm.uasset" 544
"../../../Engine/Plugins/Animation/ControlRig/Content/Controls/ControlRig_RoundedTriangle_1mm.uexp" 545
"../../../Engine/Plugins/Animation/ControlRig/Content/Controls/ControlRig_RoundedSquare_solid.uasset" 546
"../../../Engine/Plugins/Animation/ControlRig/Content/Controls/ControlRig_RoundedSquare_solid.uexp" 547
"../../../Engine/Plugins/Animation/ControlRig/Content/Controls/ControlRig_RoundedSquare_3mm.uasset" 548
"../../../Engine/Plugins/Animation/ControlRig/Content/Controls/ControlRig_RoundedSquare_3mm.uexp" 549
"../../../Engine/Plugins/Animation/ControlRig/Content/Controls/ControlRig_RoundedSquare_1mm.uasset" 550
"../../../Engine/Plugins/Animation/ControlRig/Content/Controls/ControlRig_RoundedSquare_1mm.uexp" 551
"../../../Engine/Plugins/Animation/ControlRig/Content/Controls/ControlRig_QuarterCircle_solid.uasset" 552
"../../../Engine/Plugins/Animation/ControlRig/Content/Controls/ControlRig_QuarterCircle_solid.uexp" 553
"../../../Engine/Plugins/Animation/ControlRig/Content/Controls/ControlRig_QuarterCircle_3mm.uasset" 554
"../../../Engine/Plugins/Animation/ControlRig/Content/Controls/ControlRig_QuarterCircle_3mm.uexp" 555
"../../../Engine/Plugins/Animation/ControlRig/Content/Controls/ControlRig_QuarterCircle_1mm.uasset" 556
"../../../Engine/Plugins/Animation/ControlRig/Content/Controls/ControlRig_QuarterCircle_1mm.uexp" 557
"../../../Engine/Plugins/Animation/ControlRig/Content/Controls/ControlRig_Pyramid_solid.uasset" 558
"../../../Engine/Plugins/Animation/ControlRig/Content/Controls/ControlRig_Pyramid_solid.uexp" 559
"../../../Engine/Plugins/Animation/ControlRig/Content/Controls/ControlRig_Pyramid_3mm.uasset" 560
"../../../Engine/Plugins/Animation/ControlRig/Content/Controls/ControlRig_Pyramid_3mm.uexp" 561
"../../../Engine/Plugins/Animation/ControlRig/Content/Controls/ControlRig_Pyramid_1mm.uasset" 562
"../../../Engine/Plugins/Animation/ControlRig/Content/Controls/ControlRig_Pyramid_1mm.uexp" 563
"../../../Engine/Plugins/Animation/ControlRig/Content/Controls/ControlRig_Octagon_solid.uasset" 564
"../../../Engine/Plugins/Animation/ControlRig/Content/Controls/ControlRig_Octagon_solid.uexp" 565
"../../../Engine/Plugins/Animation/ControlRig/Content/Controls/ControlRig_Octagon_3mm.uasset" 566
"../../../Engine/Plugins/Animation/ControlRig/Content/Controls/ControlRig_Octagon_3mm.uexp" 567
"../../../Engine/Plugins/Animation/ControlRig/Content/Controls/ControlRig_Octagon_1mm.uasset" 568
"../../../Engine/Plugins/Animation/ControlRig/Content/Controls/ControlRig_Octagon_1mm.uexp" 569
"../../../Engine/Plugins/Animation/ControlRig/Content/Controls/ControlRig_Hexagon_solid.uasset" 570
"../../../Engine/Plugins/Animation/ControlRig/Content/Controls/ControlRig_Hexagon_solid.uexp" 571
"../../../Engine/Plugins/Animation/ControlRig/Content/Controls/ControlRig_Hexagon_3mm.uasset" 572
"../../../Engine/Plugins/Animation/ControlRig/Content/Controls/ControlRig_Hexagon_3mm.uexp" 573
"../../../Engine/Plugins/Animation/ControlRig/Content/Controls/ControlRig_Hexagon_1mm.uasset" 574
"../../../Engine/Plugins/Animation/ControlRig/Content/Controls/ControlRig_Hexagon_1mm.uexp" 575
"../../../Engine/Plugins/Animation/ControlRig/Content/Controls/ControlRig_HalfCircle_solid.uasset" 576
"../../../Engine/Plugins/Animation/ControlRig/Content/Controls/ControlRig_HalfCircle_solid.uexp" 577
"../../../Engine/Plugins/Animation/ControlRig/Content/Controls/ControlRig_HalfCircle_3mm.uasset" 578
"../../../Engine/Plugins/Animation/ControlRig/Content/Controls/ControlRig_HalfCircle_3mm.uexp" 579
"../../../Engine/Plugins/Animation/ControlRig/Content/Controls/ControlRig_HalfCircle_1mm.uasset" 580
"../../../Engine/Plugins/Animation/ControlRig/Content/Controls/ControlRig_HalfCircle_1mm.uexp" 581
"../../../Engine/Plugins/Animation/ControlRig/Content/Controls/ControlRig_Diamond_solid.uasset" 582
"../../../Engine/Plugins/Animation/ControlRig/Content/Controls/ControlRig_Diamond_solid.uexp" 583
"../../../Engine/Plugins/Animation/ControlRig/Content/Controls/ControlRig_Diamond_3mm.uasset" 584
"../../../Engine/Plugins/Animation/ControlRig/Content/Controls/ControlRig_Diamond_3mm.uexp" 585
"../../../Engine/Plugins/Animation/ControlRig/Content/Controls/ControlRig_Diamond_1mm.uasset" 586
"../../../Engine/Plugins/Animation/ControlRig/Content/Controls/ControlRig_Diamond_1mm.uexp" 587
"../../../Engine/Plugins/Animation/ControlRig/Content/Controls/ControlRig_Circle_solid.uasset" 588
"../../../Engine/Plugins/Animation/ControlRig/Content/Controls/ControlRig_Circle_solid.uexp" 589
"../../../Engine/Plugins/Animation/ControlRig/Content/Controls/ControlRig_Circle_3mm.uasset" 590
"../../../Engine/Plugins/Animation/ControlRig/Content/Controls/ControlRig_Circle_3mm.uexp" 591
"../../../Engine/Plugins/Animation/ControlRig/Content/Controls/ControlRig_Circle_1mm.uasset" 592
"../../../Engine/Plugins/Animation/ControlRig/Content/Controls/ControlRig_Circle_1mm.uexp" 593
"../../../Engine/Plugins/Animation/ControlRig/Content/Controls/ControlRig_Box_solid.uasset" 594
"../../../Engine/Plugins/Animation/ControlRig/Content/Controls/ControlRig_Box_solid.uexp" 595
"../../../Engine/Plugins/Animation/ControlRig/Content/Controls/ControlRig_Box_3mm.uasset" 596
"../../../Engine/Plugins/Animation/ControlRig/Content/Controls/ControlRig_Box_3mm.uexp" 597
"../../../Engine/Plugins/Animation/ControlRig/Content/Controls/ControlRig_Box_1mm.uasset" 598
"../../../Engine/Plugins/Animation/ControlRig/Content/Controls/ControlRig_Box_1mm.uexp" 599
"../../../Engine/Plugins/Animation/ControlRig/Content/Controls/ControlRig_Arrow_solid.uasset" 600
"../../../Engine/Plugins/Animation/ControlRig/Content/Controls/ControlRig_Arrow_solid.uexp" 601
"../../../Engine/Plugins/Animation/ControlRig/Content/Controls/ControlRig_Arrow_3mm.uasset" 602
"../../../Engine/Plugins/Animation/ControlRig/Content/Controls/ControlRig_Arrow_3mm.uexp" 603
"../../../Engine/Plugins/Animation/ControlRig/Content/Controls/ControlRig_Arrow_1mm.uasset" 604
"../../../Engine/Plugins/Animation/ControlRig/Content/Controls/ControlRig_Arrow_1mm.uexp" 605
"../../../Engine/Plugins/Animation/ControlRig/Content/Controls/ControlRig_Arrow4_solid.uasset" 606
"../../../Engine/Plugins/Animation/ControlRig/Content/Controls/ControlRig_Arrow4_solid.uexp" 607
"../../../Engine/Plugins/Animation/ControlRig/Content/Controls/ControlRig_Arrow4_3mm.uasset" 608
"../../../Engine/Plugins/Animation/ControlRig/Content/Controls/ControlRig_Arrow4_3mm.uexp" 609
"../../../Engine/Plugins/Animation/ControlRig/Content/Controls/ControlRig_Arrow4_1mm.uasset" 610
"../../../Engine/Plugins/Animation/ControlRig/Content/Controls/ControlRig_Arrow4_1mm.uexp" 611
"../../../Engine/Plugins/Animation/ControlRig/Content/Controls/ControlRig_Arrow2_solid.uasset" 612
"../../../Engine/Plugins/Animation/ControlRig/Content/Controls/ControlRig_Arrow2_solid.uexp" 613
"../../../Engine/Plugins/Animation/ControlRig/Content/Controls/ControlRig_Arrow2_3mm.uasset" 614
"../../../Engine/Plugins/Animation/ControlRig/Content/Controls/ControlRig_Arrow2_3mm.uexp" 615
"../../../Engine/Plugins/Animation/ControlRig/Content/Controls/ControlRig_Arrow2_1mm.uasset" 616
"../../../Engine/Plugins/Animation/ControlRig/Content/Controls/ControlRig_Arrow2_1mm.uexp" 617
"../../../Engine/Plugins/Animation/ControlRig/Content/Controls/ControlRigXRayMaterial.uasset" 618
"../../../Engine/Plugins/Animation/ControlRig/Content/Controls/ControlRigXRayMaterial.uexp" 619
"../../../Engine/Plugins/Animation/ControlRig/Content/Controls/ControlRigGizmoMaterial.uasset" 620
"../../../Engine/Plugins/Animation/ControlRig/Content/Controls/ControlRigGizmoMaterial.uexp" 621
"../../../Engine/Plugins/2D/Paper2D/Content/PlaceholderTextures/DummySpriteTexture.uasset" 622
"../../../Engine/Plugins/2D/Paper2D/Content/PlaceholderTextures/DummySpriteTexture.uexp" 623
"../../../Engine/Plugins/2D/Paper2D/Content/DefaultSpriteMaterial.uasset" 624
"../../../Engine/Plugins/2D/Paper2D/Content/DefaultSpriteMaterial.uexp" 625
"../../../Engine/Plugins/2D/Paper2D/Content/OpaqueUnlitSpriteMaterial.uasset" 626
"../../../Engine/Plugins/2D/Paper2D/Content/OpaqueUnlitSpriteMaterial.uexp" 627
"../../../Engine/Plugins/2D/Paper2D/Content/MaskedUnlitSpriteMaterial.uasset" 628
"../../../Engine/Plugins/2D/Paper2D/Content/MaskedUnlitSpriteMaterial.uexp" 629
"../../../Engine/Plugins/2D/Paper2D/Content/DummySprite.uasset" 630
"../../../Engine/Plugins/2D/Paper2D/Content/DummySprite.uexp" 631
"../../../Engine/Plugins/2D/Paper2D/Content/DefaultPaperTerrainMaterial.uasset" 632
"../../../Engine/Plugins/2D/Paper2D/Content/DefaultPaperTerrainMaterial.uexp" 633
"../../../Engine/Content/MobileResources/HUD/VirtualJoystick_Background.uasset" 634
"../../../Engine/Content/MobileResources/HUD/VirtualJoystick_Background.uexp" 635
"../../../Engine/Content/MobileResources/HUD/VirtualJoystick_Thumb.uasset" 636
"../../../Engine/Content/MobileResources/HUD/VirtualJoystick_Thumb.uexp" 637
"../../../Engine/Content/MobileResources/HUD/DefaultVirtualJoysticks.uasset" 638
"../../../Engine/Content/MobileResources/HUD/DefaultVirtualJoysticks.uexp" 639
"../../../Engine/Content/BasicShapes/Cube.uasset" 640
"../../../Engine/Content/BasicShapes/Cube.uexp" 641
"D:/ALLMYFAVORITES/DFT/Content/Common/House/DFTRoom_Room_003.uasset" 642
"D:/ALLMYFAVORITES/DFT/Content/Common/House/DFTRoom_Room_003.uexp" 643
"D:/ALLMYFAVORITES/DFT/Content/Common/House/DFTRoom_Room_014.uasset" 644
"D:/ALLMYFAVORITES/DFT/Content/Common/House/DFTRoom_Room_014.uexp" 645
"D:/ALLMYFAVORITES/DFT/Content/Common/House/DFTRoom_Stairs_011.uasset" 646
"D:/ALLMYFAVORITES/DFT/Content/Common/House/DFTRoom_Stairs_011.uexp" 647
"D:/ALLMYFAVORITES/DFT/Content/Common/House/DFTRoom_Door.uasset" 648
"D:/ALLMYFAVORITES/DFT/Content/Common/House/DFTRoom_Door.uexp" 649
"D:/ALLMYFAVORITES/DFT/Content/Common/House/DFTRoom_CTRL_Baseboard.uasset" 650
"D:/ALLMYFAVORITES/DFT/Content/Common/House/DFTRoom_CTRL_Baseboard.uexp" 651
"D:/ALLMYFAVORITES/DFT/Content/Common/House/DFTRoom_Room_010.uasset" 652
"D:/ALLMYFAVORITES/DFT/Content/Common/House/DFTRoom_Room_010.uexp" 653
"D:/ALLMYFAVORITES/DFT/Content/Common/House/DFTRoom_Stairs_001.uasset" 654
"D:/ALLMYFAVORITES/DFT/Content/Common/House/DFTRoom_Stairs_001.uexp" 655
"D:/ALLMYFAVORITES/DFT/Content/Common/Characters/TimmyState.uasset" 656
"D:/ALLMYFAVORITES/DFT/Content/Common/Characters/TimmyState.uexp" 657
"D:/ALLMYFAVORITES/DFT/Content/Characters/Mannequins/Meshes/SK_Mannequin.uasset" 658
"D:/ALLMYFAVORITES/DFT/Content/Characters/Mannequins/Meshes/SK_Mannequin.uexp" 659
"D:/ALLMYFAVORITES/DFT/Content/Characters/Mannequins/Textures/Quinn/T_Quinn_02ID_MSR_MSK.uasset" 660
"D:/ALLMYFAVORITES/DFT/Content/Characters/Mannequins/Textures/Quinn/T_Quinn_02ID_MSR_MSK.uexp" 661
"D:/ALLMYFAVORITES/DFT/Content/Characters/Mannequins/Textures/Quinn/T_Quinn_02ID_BN.uasset" 662
"D:/ALLMYFAVORITES/DFT/Content/Characters/Mannequins/Textures/Quinn/T_Quinn_02ID_BN.uexp" 663
"D:/ALLMYFAVORITES/DFT/Content/Characters/Mannequins/Textures/Quinn/T_Quinn_02_ASAOMASK_MSK.uasset" 664
"D:/ALLMYFAVORITES/DFT/Content/Characters/Mannequins/Textures/Quinn/T_Quinn_02_ASAOMASK_MSK.uexp" 665
"D:/ALLMYFAVORITES/DFT/Content/Characters/Mannequins/Textures/Quinn/T_Quinn_02_CCRCCPlastic_MSK.uasset" 666
"D:/ALLMYFAVORITES/DFT/Content/Characters/Mannequins/Textures/Quinn/T_Quinn_02_CCRCCPlastic_MSK.uexp" 667
"D:/ALLMYFAVORITES/DFT/Content/Characters/Mannequins/Textures/Quinn/T_Quinn_02ID_Tan.uasset" 668
"D:/ALLMYFAVORITES/DFT/Content/Characters/Mannequins/Textures/Quinn/T_Quinn_02ID_Tan.uexp" 669
"D:/ALLMYFAVORITES/DFT/Content/Characters/Mannequins/Textures/Quinn/T_Quinn_02ID_D.uasset" 670
"D:/ALLMYFAVORITES/DFT/Content/Characters/Mannequins/Textures/Quinn/T_Quinn_02ID_D.uexp" 671
"D:/ALLMYFAVORITES/DFT/Content/Characters/Mannequins/Textures/Quinn/T_Quinn_01ID_MSR_MSK.uasset" 672
"D:/ALLMYFAVORITES/DFT/Content/Characters/Mannequins/Textures/Quinn/T_Quinn_01ID_MSR_MSK.uexp" 673
"D:/ALLMYFAVORITES/DFT/Content/Characters/Mannequins/Materials/Functions/ChromaticCurve.uasset" 674
"D:/ALLMYFAVORITES/DFT/Content/Characters/Mannequins/Materials/Functions/ChromaticCurve.uexp" 675
"D:/ALLMYFAVORITES/DFT/Content/Characters/Mannequins/Materials/Functions/CA_Mannequin.uasset" 676
"D:/ALLMYFAVORITES/DFT/Content/Characters/Mannequins/Materials/Functions/CA_Mannequin.uexp" 677
"D:/ALLMYFAVORITES/DFT/Content/Characters/Mannequins/Materials/Functions/MF_Diffraction.uasset" 678
"D:/ALLMYFAVORITES/DFT/Content/Characters/Mannequins/Materials/Functions/MF_Diffraction.uexp" 679
"D:/ALLMYFAVORITES/DFT/Content/Characters/Mannequins/Textures/Manny/T_Manny_01_N.uasset" 680
"D:/ALLMYFAVORITES/DFT/Content/Characters/Mannequins/Textures/Manny/T_Manny_01_N.uexp" 681
"D:/ALLMYFAVORITES/DFT/Content/Characters/Mannequins/Materials/Functions/ML_BaseColorFallOff.uasset" 682
"D:/ALLMYFAVORITES/DFT/Content/Characters/Mannequins/Materials/Functions/ML_BaseColorFallOff.uexp" 683
"../../../Engine/Content/Functions/Engine_MaterialFunctions01/Texturing/ScaleUVsByCenter.uasset" 684
"../../../Engine/Content/Functions/Engine_MaterialFunctions01/Texturing/ScaleUVsByCenter.uexp" 685
"D:/ALLMYFAVORITES/DFT/Content/Characters/Mannequins/Textures/Shared/T_UE_Logo_M.uasset" 686
"D:/ALLMYFAVORITES/DFT/Content/Characters/Mannequins/Textures/Shared/T_UE_Logo_M.uexp" 687
"D:/ALLMYFAVORITES/DFT/Content/Characters/Mannequins/Materials/Functions/MF_logo3layers.uasset" 688
"D:/ALLMYFAVORITES/DFT/Content/Characters/Mannequins/Materials/Functions/MF_logo3layers.uexp" 689
"D:/ALLMYFAVORITES/DFT/Content/Characters/Mannequins/Textures/Manny/T_Manny_01_CCRCCPlastic_MSK.uasset" 690
"D:/ALLMYFAVORITES/DFT/Content/Characters/Mannequins/Textures/Manny/T_Manny_01_CCRCCPlastic_MSK.uexp" 691
"D:/ALLMYFAVORITES/DFT/Content/Characters/Mannequins/Textures/Manny/T_Manny_01_ASAOPMASK_MSK.uasset" 692
"D:/ALLMYFAVORITES/DFT/Content/Characters/Mannequins/Textures/Manny/T_Manny_01_ASAOPMASK_MSK.uexp" 693
"D:/ALLMYFAVORITES/DFT/Content/Characters/Mannequins/Textures/Manny/T_Manny_01_MSR_MSK.uasset" 694
"D:/ALLMYFAVORITES/DFT/Content/Characters/Mannequins/Textures/Manny/T_Manny_01_MSR_MSK.uexp" 695
"D:/ALLMYFAVORITES/DFT/Content/Characters/Mannequins/Textures/Manny/T_Manny_01_BN.uasset" 696
"D:/ALLMYFAVORITES/DFT/Content/Characters/Mannequins/Textures/Manny/T_Manny_01_BN.uexp" 697
"D:/ALLMYFAVORITES/DFT/Content/Characters/Mannequins/Textures/Manny/T_Manny_01_D.uasset" 698
"D:/ALLMYFAVORITES/DFT/Content/Characters/Mannequins/Textures/Manny/T_Manny_01_D.uexp" 699
"D:/ALLMYFAVORITES/DFT/Content/Characters/Mannequins/Textures/Manny/T_Manny_01_Tan.uasset" 700
"D:/ALLMYFAVORITES/DFT/Content/Characters/Mannequins/Textures/Manny/T_Manny_01_Tan.uexp" 701
"D:/ALLMYFAVORITES/DFT/Content/Characters/Mannequins/Materials/M_Mannequin.uasset" 702
"D:/ALLMYFAVORITES/DFT/Content/Characters/Mannequins/Materials/M_Mannequin.uexp" 703
"D:/ALLMYFAVORITES/DFT/Content/Characters/Mannequins/Textures/Quinn/T_Quinn_01_ASAOMASK_MSK.uasset" 704
"D:/ALLMYFAVORITES/DFT/Content/Characters/Mannequins/Textures/Quinn/T_Quinn_01_ASAOMASK_MSK.uexp" 705
"D:/ALLMYFAVORITES/DFT/Content/Characters/Mannequins/Textures/Quinn/T_Quinn_01ID_N.uasset" 706
"D:/ALLMYFAVORITES/DFT/Content/Characters/Mannequins/Textures/Quinn/T_Quinn_01ID_N.uexp" 707
"D:/ALLMYFAVORITES/DFT/Content/Characters/Mannequins/Textures/Quinn/T_Quinn_01ID_BN.uasset" 708
"D:/ALLMYFAVORITES/DFT/Content/Characters/Mannequins/Textures/Quinn/T_Quinn_01ID_BN.uexp" 709
"D:/ALLMYFAVORITES/DFT/Content/Characters/Mannequins/Textures/Quinn/T_Quinn_01ID_D.uasset" 710
"D:/ALLMYFAVORITES/DFT/Content/Characters/Mannequins/Textures/Quinn/T_Quinn_01ID_D.uexp" 711
"D:/ALLMYFAVORITES/DFT/Content/Characters/Mannequins/Textures/Quinn/T_Quinn_01ID_Tan.uasset" 712
"D:/ALLMYFAVORITES/DFT/Content/Characters/Mannequins/Textures/Quinn/T_Quinn_01ID_Tan.uexp" 713
"D:/ALLMYFAVORITES/DFT/Content/Characters/Mannequins/Textures/Quinn/T_Quinn_01_CCRCCPlastic_MSK.uasset" 714
"D:/ALLMYFAVORITES/DFT/Content/Characters/Mannequins/Textures/Quinn/T_Quinn_01_CCRCCPlastic_MSK.uexp" 715
"D:/ALLMYFAVORITES/DFT/Content/Characters/Mannequins/Materials/Instances/Quinn/MI_Quinn_01.uasset" 716
"D:/ALLMYFAVORITES/DFT/Content/Characters/Mannequins/Materials/Instances/Quinn/MI_Quinn_01.uexp" 717
"D:/ALLMYFAVORITES/DFT/Content/Characters/Mannequins/Textures/Quinn/T_Quinn_02ID_N.uasset" 718
"D:/ALLMYFAVORITES/DFT/Content/Characters/Mannequins/Textures/Quinn/T_Quinn_02ID_N.uexp" 719
"D:/ALLMYFAVORITES/DFT/Content/Characters/Mannequins/Materials/Instances/Quinn/MI_Quinn_02.uasset" 720
"D:/ALLMYFAVORITES/DFT/Content/Characters/Mannequins/Materials/Instances/Quinn/MI_Quinn_02.uexp" 721
"D:/ALLMYFAVORITES/DFT/Content/Characters/Mannequins/Rigs/PA_Mannequin.uasset" 722
"D:/ALLMYFAVORITES/DFT/Content/Characters/Mannequins/Rigs/PA_Mannequin.uexp" 723
"D:/ALLMYFAVORITES/DFT/Content/Characters/Mannequins/Meshes/SKM_Quinn_Simple.uasset" 724
"D:/ALLMYFAVORITES/DFT/Content/Characters/Mannequins/Meshes/SKM_Quinn_Simple.uexp" 725
"D:/ALLMYFAVORITES/DFT/Content/ThirdPerson/Input/Actions/IA_Jump.uasset" 726
"D:/ALLMYFAVORITES/DFT/Content/ThirdPerson/Input/Actions/IA_Jump.uexp" 727
"D:/ALLMYFAVORITES/DFT/Content/ThirdPerson/Input/Actions/IA_Look.uasset" 728
"D:/ALLMYFAVORITES/DFT/Content/ThirdPerson/Input/Actions/IA_Look.uexp" 729
"D:/ALLMYFAVORITES/DFT/Content/ThirdPerson/Input/Actions/IA_Move.uasset" 730
"D:/ALLMYFAVORITES/DFT/Content/ThirdPerson/Input/Actions/IA_Move.uexp" 731
"D:/ALLMYFAVORITES/DFT/Content/ThirdPerson/Input/IMC_Default.uasset" 732
"D:/ALLMYFAVORITES/DFT/Content/ThirdPerson/Input/IMC_Default.uexp" 733
"../../../Engine/Content/Animation/DefaultAnimCurveCompressionSettings.uasset" 734
"../../../Engine/Content/Animation/DefaultAnimCurveCompressionSettings.uexp" 735
"../../../Engine/Content/Animation/DefaultAnimBoneCompressionSettings.uasset" 736
"../../../Engine/Content/Animation/DefaultAnimBoneCompressionSettings.uexp" 737
"D:/ALLMYFAVORITES/DFT/Content/Characters/Mannequins/Animations/Quinn/MF_Run_Fwd.uasset" 738
"D:/ALLMYFAVORITES/DFT/Content/Characters/Mannequins/Animations/Quinn/MF_Run_Fwd.uexp" 739
"D:/ALLMYFAVORITES/DFT/Content/Characters/Mannequins/Animations/Quinn/MF_Walk_Fwd.uasset" 740
"D:/ALLMYFAVORITES/DFT/Content/Characters/Mannequins/Animations/Quinn/MF_Walk_Fwd.uexp" 741
"../../../Engine/Content/Animation/DefaultRecorderBoneCompression.uasset" 742
"../../../Engine/Content/Animation/DefaultRecorderBoneCompression.uexp" 743
"D:/ALLMYFAVORITES/DFT/Content/Characters/Mannequins/Animations/Manny/MM_Walk_InPlace.uasset" 744
"D:/ALLMYFAVORITES/DFT/Content/Characters/Mannequins/Animations/Manny/MM_Walk_InPlace.uexp" 745
"D:/ALLMYFAVORITES/DFT/Content/Characters/Mannequins/Animations/Quinn/BS_MF_Unarmed_WalkRun.uasset" 746
"D:/ALLMYFAVORITES/DFT/Content/Characters/Mannequins/Animations/Quinn/BS_MF_Unarmed_WalkRun.uexp" 747
"D:/ALLMYFAVORITES/DFT/Content/Characters/Mannequins/Animations/Quinn/MF_Idle.uasset" 748
"D:/ALLMYFAVORITES/DFT/Content/Characters/Mannequins/Animations/Quinn/MF_Idle.uexp" 749
"D:/ALLMYFAVORITES/DFT/Content/Characters/Mannequins/Animations/Manny/MM_Fall_Loop.uasset" 750
"D:/ALLMYFAVORITES/DFT/Content/Characters/Mannequins/Animations/Manny/MM_Fall_Loop.uexp" 751
"D:/ALLMYFAVORITES/DFT/Content/Characters/Mannequins/Animations/Manny/MM_Jump.uasset" 752
"D:/ALLMYFAVORITES/DFT/Content/Characters/Mannequins/Animations/Manny/MM_Jump.uexp" 753
"../../../Engine/Plugins/Animation/ControlRig/Content/Controls/DefaultGizmoLibrary.uasset" 754
"../../../Engine/Plugins/Animation/ControlRig/Content/Controls/DefaultGizmoLibrary.uexp" 755
"D:/ALLMYFAVORITES/DFT/Content/Characters/Mannequins/Rigs/CR_Mannequin_BasicFootIK.uasset" 756
"D:/ALLMYFAVORITES/DFT/Content/Characters/Mannequins/Rigs/CR_Mannequin_BasicFootIK.uexp" 757
"D:/ALLMYFAVORITES/DFT/Content/Characters/Mannequins/Animations/Manny/MM_Run_Fwd.uasset" 758
"D:/ALLMYFAVORITES/DFT/Content/Characters/Mannequins/Animations/Manny/MM_Run_Fwd.uexp" 759
"D:/ALLMYFAVORITES/DFT/Content/Characters/Mannequins/Animations/Manny/MM_Walk_Fwd.uasset" 760
"D:/ALLMYFAVORITES/DFT/Content/Characters/Mannequins/Animations/Manny/MM_Walk_Fwd.uexp" 761
"D:/ALLMYFAVORITES/DFT/Content/Characters/Mannequins/Animations/Manny/BS_MM_WalkRun.uasset" 762
"D:/ALLMYFAVORITES/DFT/Content/Characters/Mannequins/Animations/Manny/BS_MM_WalkRun.uexp" 763
"D:/ALLMYFAVORITES/DFT/Content/Characters/Mannequins/Animations/Manny/MM_Land.uasset" 764
"D:/ALLMYFAVORITES/DFT/Content/Characters/Mannequins/Animations/Manny/MM_Land.uexp" 765
"D:/ALLMYFAVORITES/DFT/Content/Characters/Mannequins/Animations/Manny/MM_Idle.uasset" 766
"D:/ALLMYFAVORITES/DFT/Content/Characters/Mannequins/Animations/Manny/MM_Idle.uexp" 767
"D:/ALLMYFAVORITES/DFT/Content/Characters/Mannequins/Animations/ABP_Manny.uasset" 768
"D:/ALLMYFAVORITES/DFT/Content/Characters/Mannequins/Animations/ABP_Manny.uexp" 769
"D:/ALLMYFAVORITES/DFT/Content/Characters/Mannequins/Animations/ABP_Quinn.uasset" 770
"D:/ALLMYFAVORITES/DFT/Content/Characters/Mannequins/Animations/ABP_Quinn.uexp" 771
"../../../Engine/Content/EditorBlueprintResources/StandardMacros.uasset" 772
"../../../Engine/Content/EditorBlueprintResources/StandardMacros.uexp" 773
"D:/ALLMYFAVORITES/DFT/Content/ThirdPerson/Blueprints/BP_ThirdPersonCharacter.uasset" 774
"D:/ALLMYFAVORITES/DFT/Content/ThirdPerson/Blueprints/BP_ThirdPersonCharacter.uexp" 775
"D:/ALLMYFAVORITES/DFT/Content/Common/Characters/Ch09_nonPBR_Skeleton.uasset" 776
"D:/ALLMYFAVORITES/DFT/Content/Common/Characters/Ch09_nonPBR_Skeleton.uexp" 777
"D:/ALLMYFAVORITES/DFT/Content/Common/Characters/TimmyAnimations/Standing_W_Briefcase_Idle.uasset" 778
"D:/ALLMYFAVORITES/DFT/Content/Common/Characters/TimmyAnimations/Standing_W_Briefcase_Idle.uexp" 779
"D:/ALLMYFAVORITES/DFT/Content/Common/Characters/TimmyAnimations/Jump.uasset" 780
"D:/ALLMYFAVORITES/DFT/Content/Common/Characters/TimmyAnimations/Jump.uexp" 781
"D:/ALLMYFAVORITES/DFT/Content/Common/Characters/TimmyAnimations/Running.uasset" 782
"D:/ALLMYFAVORITES/DFT/Content/Common/Characters/TimmyAnimations/Running.uexp" 783
"D:/ALLMYFAVORITES/DFT/Content/Common/Characters/BS_Timmy.uasset" 784
"D:/ALLMYFAVORITES/DFT/Content/Common/Characters/BS_Timmy.uexp" 785
"../../../Engine/Content/BasicShapes/Cone.uasset" 786
"../../../Engine/Content/BasicShapes/Cone.uexp" 787
"D:/ALLMYFAVORITES/DFT/Content/Common/Characters/Ch09_1001_Diffuse.uasset" 788
"D:/ALLMYFAVORITES/DFT/Content/Common/Characters/Ch09_1001_Diffuse.uexp" 789
"D:/ALLMYFAVORITES/DFT/Content/Common/Characters/Ch09_1001_Specular.uasset" 790
"D:/ALLMYFAVORITES/DFT/Content/Common/Characters/Ch09_1001_Specular.uexp" 791
"D:/ALLMYFAVORITES/DFT/Content/Common/Characters/Ch09_1001_Glossiness.uasset" 792
"D:/ALLMYFAVORITES/DFT/Content/Common/Characters/Ch09_1001_Glossiness.uexp" 793
"D:/ALLMYFAVORITES/DFT/Content/Common/Characters/Ch09_1001_Normal.uasset" 794
"D:/ALLMYFAVORITES/DFT/Content/Common/Characters/Ch09_1001_Normal.uexp" 795
"D:/ALLMYFAVORITES/DFT/Content/Common/Characters/Ch09_body.uasset" 796
"D:/ALLMYFAVORITES/DFT/Content/Common/Characters/Ch09_body.uexp" 797
"D:/ALLMYFAVORITES/DFT/Content/Common/Characters/Ch09_nonPBR_PhysicsAsset.uasset" 798
"D:/ALLMYFAVORITES/DFT/Content/Common/Characters/Ch09_nonPBR_PhysicsAsset.uexp" 799
"D:/ALLMYFAVORITES/DFT/Content/Common/Characters/Ch09_nonPBR.uasset" 800
"D:/ALLMYFAVORITES/DFT/Content/Common/Characters/Ch09_nonPBR.uexp" 801
"D:/ALLMYFAVORITES/DFT/Content/Common/Items/Weapons/Axe/Textures/T_AxeBody.uasset" 802
"D:/ALLMYFAVORITES/DFT/Content/Common/Items/Weapons/Axe/Textures/T_AxeBody.uexp" 803
"D:/ALLMYFAVORITES/DFT/Content/Common/Items/Weapons/Axe/Materials/M_AxeBody.uasset" 804
"D:/ALLMYFAVORITES/DFT/Content/Common/Items/Weapons/Axe/Materials/M_AxeBody.uexp" 805
"D:/ALLMYFAVORITES/DFT/Content/Common/Items/Weapons/Axe/Textures/T_AxeSlice.uasset" 806
"D:/ALLMYFAVORITES/DFT/Content/Common/Items/Weapons/Axe/Textures/T_AxeSlice.uexp" 807
"D:/ALLMYFAVORITES/DFT/Content/Common/Items/Weapons/Axe/Materials/M_AxeSlice.uasset" 808
"D:/ALLMYFAVORITES/DFT/Content/Common/Items/Weapons/Axe/Materials/M_AxeSlice.uexp" 809
"D:/ALLMYFAVORITES/DFT/Content/Common/Items/Weapons/Axe/Textures/T_AxeTop.uasset" 810
"D:/ALLMYFAVORITES/DFT/Content/Common/Items/Weapons/Axe/Textures/T_AxeTop.uexp" 811
"D:/ALLMYFAVORITES/DFT/Content/Common/Items/Weapons/Axe/Materials/M_AxeTop.uasset" 812
"D:/ALLMYFAVORITES/DFT/Content/Common/Items/Weapons/Axe/Materials/M_AxeTop.uexp" 813
"D:/ALLMYFAVORITES/DFT/Content/Common/Items/Weapons/Axe/Mesh/SM_Axe.uasset" 814
"D:/ALLMYFAVORITES/DFT/Content/Common/Items/Weapons/Axe/Mesh/SM_Axe.uexp" 815
"D:/ALLMYFAVORITES/DFT/Content/Common/Items/Weapons/Axe/WID_001_Axe.uasset" 816
"D:/ALLMYFAVORITES/DFT/Content/Common/Items/Weapons/Axe/WID_001_Axe.uexp" 817
"D:/ALLMYFAVORITES/DFT/Content/Common/UI/Health.uasset" 818
"D:/ALLMYFAVORITES/DFT/Content/Common/UI/Health.uexp" 819
"D:/ALLMYFAVORITES/DFT/Content/Sound/Axe/SFX_DFT_AxeSwing.uasset" 820
"D:/ALLMYFAVORITES/DFT/Content/Sound/Axe/SFX_DFT_AxeSwing.uexp" 821
"D:/ALLMYFAVORITES/DFT/Content/Sound/Axe/SFX_DFT_AxeSwing_Cue.uasset" 822
"D:/ALLMYFAVORITES/DFT/Content/Sound/Axe/SFX_DFT_AxeSwing_Cue.uexp" 823
"D:/ALLMYFAVORITES/DFT/Content/Common/Characters/Input/IA_Pickup.uasset" 824
"D:/ALLMYFAVORITES/DFT/Content/Common/Characters/Input/IA_Pickup.uexp" 825
"D:/ALLMYFAVORITES/DFT/Content/Common/Characters/Input/IA_Use.uasset" 826
"D:/ALLMYFAVORITES/DFT/Content/Common/Characters/Input/IA_Use.uexp" 827
"D:/ALLMYFAVORITES/DFT/Content/Common/Characters/Input/IA_Heal.uasset" 828
"D:/ALLMYFAVORITES/DFT/Content/Common/Characters/Input/IA_Heal.uexp" 829
"D:/ALLMYFAVORITES/DFT/Content/Common/Characters/Input/IMC_MainCharacter.uasset" 830
"D:/ALLMYFAVORITES/DFT/Content/Common/Characters/Input/IMC_MainCharacter.uexp" 831
"D:/ALLMYFAVORITES/DFT/Content/Common/Characters/Ch20_nonPBR_PhysicsAsset.uasset" 832
"D:/ALLMYFAVORITES/DFT/Content/Common/Characters/Ch20_nonPBR_PhysicsAsset.uexp" 833
"D:/ALLMYFAVORITES/DFT/Content/Common/Characters/Ch20_1001_Diffuse.uasset" 834
"D:/ALLMYFAVORITES/DFT/Content/Common/Characters/Ch20_1001_Diffuse.uexp" 835
"D:/ALLMYFAVORITES/DFT/Content/Common/Characters/Ch20_1001_Specular.uasset" 836
"D:/ALLMYFAVORITES/DFT/Content/Common/Characters/Ch20_1001_Specular.uexp" 837
"D:/ALLMYFAVORITES/DFT/Content/Common/Characters/Ch20_1001_Normal.uasset" 838
"D:/ALLMYFAVORITES/DFT/Content/Common/Characters/Ch20_1001_Normal.uexp" 839
"D:/ALLMYFAVORITES/DFT/Content/Common/Characters/Ch20_1001_Glossiness.uasset" 840
"D:/ALLMYFAVORITES/DFT/Content/Common/Characters/Ch20_1001_Glossiness.uexp" 841
"D:/ALLMYFAVORITES/DFT/Content/Common/Characters/Ch20_body.uasset" 842
"D:/ALLMYFAVORITES/DFT/Content/Common/Characters/Ch20_body.uexp" 843
"D:/ALLMYFAVORITES/DFT/Content/Common/Characters/Ch20_nonPBR_Skeleton.uasset" 844
"D:/ALLMYFAVORITES/DFT/Content/Common/Characters/Ch20_nonPBR_Skeleton.uexp" 845
"D:/ALLMYFAVORITES/DFT/Content/Common/Characters/Ch20_nonPBR.uasset" 846
"D:/ALLMYFAVORITES/DFT/Content/Common/Characters/Ch20_nonPBR.uexp" 847
"D:/ALLMYFAVORITES/DFT/Content/Common/Characters/Standing_W_Briefcase_Idle.uasset" 848
"D:/ALLMYFAVORITES/DFT/Content/Common/Characters/Standing_W_Briefcase_Idle.uexp" 849
"D:/ALLMYFAVORITES/DFT/Content/Common/Characters/Running.uasset" 850
"D:/ALLMYFAVORITES/DFT/Content/Common/Characters/Running.uexp" 851
"D:/ALLMYFAVORITES/DFT/Content/Common/Characters/BS_MainCharacter.uasset" 852
"D:/ALLMYFAVORITES/DFT/Content/Common/Characters/BS_MainCharacter.uexp" 853
"D:/ALLMYFAVORITES/DFT/Content/Common/Characters/Jump.uasset" 854
"D:/ALLMYFAVORITES/DFT/Content/Common/Characters/Jump.uexp" 855
"D:/ALLMYFAVORITES/DFT/Content/Common/Characters/ABP_MainCharacter.uasset" 856
"D:/ALLMYFAVORITES/DFT/Content/Common/Characters/ABP_MainCharacter.uexp" 857
"../../../Engine/Content/EditorBlueprintResources/ActorMacros.uasset" 858
"../../../Engine/Content/EditorBlueprintResources/ActorMacros.uexp" 859
"D:/ALLMYFAVORITES/DFT/Content/Sound/Pistol/SFX_DFT_PistolShoot.uasset" 860
"D:/ALLMYFAVORITES/DFT/Content/Sound/Pistol/SFX_DFT_PistolShoot.uexp" 861
"D:/ALLMYFAVORITES/DFT/Content/Sound/Pistol/SFX_DFT_PistolShoot_Cue.uasset" 862
"D:/ALLMYFAVORITES/DFT/Content/Sound/Pistol/SFX_DFT_PistolShoot_Cue.uexp" 863
"D:/ALLMYFAVORITES/DFT/Content/Sound/Axe/SFX_DFT_AxeHit.uasset" 864
"D:/ALLMYFAVORITES/DFT/Content/Sound/Axe/SFX_DFT_AxeHit.uexp" 865
"D:/ALLMYFAVORITES/DFT/Content/Sound/Axe/SFX_DFT_AxeHit_Cue.uasset" 866
"D:/ALLMYFAVORITES/DFT/Content/Sound/Axe/SFX_DFT_AxeHit_Cue.uexp" 867
"D:/ALLMYFAVORITES/DFT/Content/Common/Characters/MainCharacter.uasset" 868
"D:/ALLMYFAVORITES/DFT/Content/Common/Characters/MainCharacter.uexp" 869
"../../../Engine/Content/BasicShapes/BasicShapeMaterial.uasset" 870
"../../../Engine/Content/BasicShapes/BasicShapeMaterial.uexp" 871
"D:/ALLMYFAVORITES/DFT/Content/Common/Characters/Timmy.uasset" 872
"D:/ALLMYFAVORITES/DFT/Content/Common/Characters/Timmy.uexp" 873
"D:/ALLMYFAVORITES/DFT/Content/Common/Characters/ABP_Timmy.uasset" 874
"D:/ALLMYFAVORITES/DFT/Content/Common/Characters/ABP_Timmy.uexp" 875
"D:/ALLMYFAVORITES/DFT/Content/Common/Characters/TImmy_Galactus.uasset" 876
"D:/ALLMYFAVORITES/DFT/Content/Common/Characters/TImmy_Galactus.uexp" 877
"D:/ALLMYFAVORITES/DFT/Content/Common/House/DFTRoom_Stairs_015.uasset" 878
"D:/ALLMYFAVORITES/DFT/Content/Common/House/DFTRoom_Stairs_015.uexp" 879
"../../../Engine/Content/VREditor/LaserPointer/LaserPointerMaterial.uasset" 880
"../../../Engine/Content/VREditor/LaserPointer/LaserPointerMaterial.uexp" 881
"../../../Engine/Content/VREditor/LaserPointer/LaserPointerMaterial_Inst.uasset" 882
"../../../Engine/Content/VREditor/LaserPointer/LaserPointerMaterial_Inst.uexp" 883
"../../../Engine/Content/MapTemplates/Sky/M_BlackBackground.uasset" 884
"../../../Engine/Content/MapTemplates/Sky/M_BlackBackground.uexp" 885
"D:/ALLMYFAVORITES/DFT/Content/Common/House/Bed/GopBed.uasset" 886
"D:/ALLMYFAVORITES/DFT/Content/Common/House/Bed/GopBed.uexp" 887
"D:/ALLMYFAVORITES/DFT/Content/Common/House/Bed/Bed.uasset" 888
"D:/ALLMYFAVORITES/DFT/Content/Common/House/Bed/Bed.uexp" 889
"D:/ALLMYFAVORITES/DFT/Content/Common/House/DFTRoom_CTRL_Hole_033.uasset" 890
"D:/ALLMYFAVORITES/DFT/Content/Common/House/DFTRoom_CTRL_Hole_033.uexp" 891
"../../../Engine/Content/BasicShapes/Plane.uasset" 892
"../../../Engine/Content/BasicShapes/Plane.uexp" 893
"D:/ALLMYFAVORITES/DFT/Content/Textures/Painting/Kitsune/export1678122291411.uasset" 894
"D:/ALLMYFAVORITES/DFT/Content/Textures/Painting/Kitsune/export1678122291411.uexp" 895
"D:/ALLMYFAVORITES/DFT/Content/Textures/Painting/Kitsune/M_Painting.uasset" 896
"D:/ALLMYFAVORITES/DFT/Content/Textures/Painting/Kitsune/M_Painting.uexp" 897
"D:/ALLMYFAVORITES/DFT/Content/Textures/Painting/Kitsune/Painting.uasset" 898
"D:/ALLMYFAVORITES/DFT/Content/Textures/Painting/Kitsune/Painting.uexp" 899
"D:/ALLMYFAVORITES/DFT/Content/Common/House/DFTRoom_Stairs_010.uasset" 900
"D:/ALLMYFAVORITES/DFT/Content/Common/House/DFTRoom_Stairs_010.uexp" 901
"D:/ALLMYFAVORITES/DFT/Content/Common/House/DFTRoom_CTRL_Hole_035.uasset" 902
"D:/ALLMYFAVORITES/DFT/Content/Common/House/DFTRoom_CTRL_Hole_035.uexp" 903
"D:/ALLMYFAVORITES/DFT/Content/Common/House/DFTRoom_DoorFrame.uasset" 904
"D:/ALLMYFAVORITES/DFT/Content/Common/House/DFTRoom_DoorFrame.uexp" 905
"D:/ALLMYFAVORITES/DFT/Content/Common/House/DFTRoom_CTRL_Hole_002.uasset" 906
"D:/ALLMYFAVORITES/DFT/Content/Common/House/DFTRoom_CTRL_Hole_002.uexp" 907
"D:/ALLMYFAVORITES/DFT/Content/Common/House/DFTRoom_CTRL_Hole_019.uasset" 908
"D:/ALLMYFAVORITES/DFT/Content/Common/House/DFTRoom_CTRL_Hole_019.uexp" 909
"D:/ALLMYFAVORITES/DFT/Content/Common/House/DFTRoom_Room_016.uasset" 910
"D:/ALLMYFAVORITES/DFT/Content/Common/House/DFTRoom_Room_016.uexp" 911
"D:/ALLMYFAVORITES/DFT/Content/Sound/DFTWaitingSong/DFT_Knocking_With_Song.uasset" 912
"D:/ALLMYFAVORITES/DFT/Content/Sound/DFTWaitingSong/DFT_Knocking_With_Song.uexp" 913
"D:/ALLMYFAVORITES/DFT/Content/Sound/DFTWaitingSong/DFT_Knocking_With_Song_Cue.uasset" 914
"D:/ALLMYFAVORITES/DFT/Content/Sound/DFTWaitingSong/DFT_Knocking_With_Song_Cue.uexp" 915
"D:/ALLMYFAVORITES/DFT/Content/Common/Items/Weapons/Pistol/Textures/T_Pistol_Handle_2_Updated.uasset" 916
"D:/ALLMYFAVORITES/DFT/Content/Common/Items/Weapons/Pistol/Textures/T_Pistol_Handle_2_Updated.uexp" 917
"D:/ALLMYFAVORITES/DFT/Content/Common/Items/Weapons/Pistol/Textures/T_Pistol_Handle1.uasset" 918
"D:/ALLMYFAVORITES/DFT/Content/Common/Items/Weapons/Pistol/Textures/T_Pistol_Handle1.uexp" 919
"D:/ALLMYFAVORITES/DFT/Content/Common/Items/Weapons/Pistol/Materials/Handle.uasset" 920
"D:/ALLMYFAVORITES/DFT/Content/Common/Items/Weapons/Pistol/Materials/Handle.uexp" 921
"D:/ALLMYFAVORITES/DFT/Content/Common/Items/Weapons/Pistol/Materials/Top.uasset" 922
"D:/ALLMYFAVORITES/DFT/Content/Common/Items/Weapons/Pistol/Materials/Top.uexp" 923
"D:/ALLMYFAVORITES/DFT/Content/Common/Items/Weapons/Pistol/Materials/Tip.uasset" 924
"D:/ALLMYFAVORITES/DFT/Content/Common/Items/Weapons/Pistol/Materials/Tip.uexp" 925
"D:/ALLMYFAVORITES/DFT/Content/Common/Items/Weapons/Pistol/Mesh/WID_001_Pistol_Cube.uasset" 926
"D:/ALLMYFAVORITES/DFT/Content/Common/Items/Weapons/Pistol/Mesh/WID_001_Pistol_Cube.uexp" 927
"D:/ALLMYFAVORITES/DFT/Content/Common/Items/Weapons/Pistol/WID_001_Pistol.uasset" 928
"D:/ALLMYFAVORITES/DFT/Content/Common/Items/Weapons/Pistol/WID_001_Pistol.uexp" 929
"D:/ALLMYFAVORITES/DFT/Content/Common/House/DFTRoom_Room_013.uasset" 930
"D:/ALLMYFAVORITES/DFT/Content/Common/House/DFTRoom_Room_013.uexp" 931
"D:/ALLMYFAVORITES/DFT/Content/Common/House/DFTRoom_Baseboard.uasset" 932
"D:/ALLMYFAVORITES/DFT/Content/Common/House/DFTRoom_Baseboard.uexp" 933
"D:/ALLMYFAVORITES/DFT/Content/Common/House/DFTRoom_CTRL_Hole_031.uasset" 934
"D:/ALLMYFAVORITES/DFT/Content/Common/House/DFTRoom_CTRL_Hole_031.uexp" 935
"D:/ALLMYFAVORITES/DFT/Content/Common/House/DFTRoom_Handle_Back_001.uasset" 936
"D:/ALLMYFAVORITES/DFT/Content/Common/House/DFTRoom_Handle_Back_001.uexp" 937
"D:/ALLMYFAVORITES/DFT/Content/Common/House/DFTRoom_Room_011.uasset" 938
"D:/ALLMYFAVORITES/DFT/Content/Common/House/DFTRoom_Room_011.uexp" 939
"D:/ALLMYFAVORITES/DFT/Content/Common/House/DFTRoom_Room_007.uasset" 940
"D:/ALLMYFAVORITES/DFT/Content/Common/House/DFTRoom_Room_007.uexp" 941
"D:/ALLMYFAVORITES/DFT/Content/Common/House/DFTRoom_Stairs_013.uasset" 942
"D:/ALLMYFAVORITES/DFT/Content/Common/House/DFTRoom_Stairs_013.uexp" 943
"D:/ALLMYFAVORITES/DFT/Content/Common/House/DFTRoom_Handle_Front_001.uasset" 944
"D:/ALLMYFAVORITES/DFT/Content/Common/House/DFTRoom_Handle_Front_001.uexp" 945
"D:/ALLMYFAVORITES/DFT/Content/Common/House/DFTRoom_CTRL_Hole_023.uasset" 946
"D:/ALLMYFAVORITES/DFT/Content/Common/House/DFTRoom_CTRL_Hole_023.uexp" 947
"D:/ALLMYFAVORITES/DFT/Content/Common/House/DFTRoom_CTRL_Hole.uasset" 948
"D:/ALLMYFAVORITES/DFT/Content/Common/House/DFTRoom_CTRL_Hole.uexp" 949
"D:/ALLMYFAVORITES/DFT/Content/Common/House/DFTRoom_CTRL_Hole_021.uasset" 950
"D:/ALLMYFAVORITES/DFT/Content/Common/House/DFTRoom_CTRL_Hole_021.uexp" 951
"D:/ALLMYFAVORITES/DFT/Content/Common/House/DFTRoom_Stairs.uasset" 952
"D:/ALLMYFAVORITES/DFT/Content/Common/House/DFTRoom_Stairs.uexp" 953
"D:/ALLMYFAVORITES/DFT/Content/Common/House/DFTRoom_Room_008.uasset" 954
"D:/ALLMYFAVORITES/DFT/Content/Common/House/DFTRoom_Room_008.uexp" 955
"D:/ALLMYFAVORITES/DFT/Content/Common/House/DFTRoom_CTRL_Hole_026.uasset" 956
"D:/ALLMYFAVORITES/DFT/Content/Common/House/DFTRoom_CTRL_Hole_026.uexp" 957
"D:/ALLMYFAVORITES/DFT/Content/Common/House/DFTRoom_Handle_Back.uasset" 958
"D:/ALLMYFAVORITES/DFT/Content/Common/House/DFTRoom_Handle_Back.uexp" 959
"D:/ALLMYFAVORITES/DFT/Content/Common/House/DFTRoom_Stairs_012.uasset" 960
"D:/ALLMYFAVORITES/DFT/Content/Common/House/DFTRoom_Stairs_012.uexp" 961
"D:/ALLMYFAVORITES/DFT/Content/Common/House/DFTRoom_CTRL_Hole_016.uasset" 962
"D:/ALLMYFAVORITES/DFT/Content/Common/House/DFTRoom_CTRL_Hole_016.uexp" 963
"D:/ALLMYFAVORITES/DFT/Content/StarterContent/Textures/T_Lamp_N.uasset" 964
"D:/ALLMYFAVORITES/DFT/Content/StarterContent/Textures/T_Lamp_N.uexp" 965
"D:/ALLMYFAVORITES/DFT/Content/StarterContent/Textures/T_Lamp_M.uasset" 966
"D:/ALLMYFAVORITES/DFT/Content/StarterContent/Textures/T_Lamp_M.uexp" 967
"D:/ALLMYFAVORITES/DFT/Content/StarterContent/Props/Materials/M_Lamp.uasset" 968
"D:/ALLMYFAVORITES/DFT/Content/StarterContent/Props/Materials/M_Lamp.uexp" 969
"D:/ALLMYFAVORITES/DFT/Content/Common/House/DFTRoom_CTRL_Hole_004.uasset" 970
"D:/ALLMYFAVORITES/DFT/Content/Common/House/DFTRoom_CTRL_Hole_004.uexp" 971
"../../../Engine/Content/EngineMaterials/DefaultPhysicalMaterial.uasset" 972
"../../../Engine/Content/EngineMaterials/DefaultPhysicalMaterial.uexp" 973
"D:/ALLMYFAVORITES/DFT/Content/Common/House/DFTRoom_Handle_Front.uasset" 974
"D:/ALLMYFAVORITES/DFT/Content/Common/House/DFTRoom_Handle_Front.uexp" 975
"D:/ALLMYFAVORITES/DFT/Content/StarterContent/Textures/T_Perlin_Noise_M.uasset" 976
"D:/ALLMYFAVORITES/DFT/Content/StarterContent/Textures/T_Perlin_Noise_M.uexp" 977
"D:/ALLMYFAVORITES/DFT/Content/StarterContent/Textures/T_MacroVariation.uasset" 978
"D:/ALLMYFAVORITES/DFT/Content/StarterContent/Textures/T_MacroVariation.uexp" 979
"D:/ALLMYFAVORITES/DFT/Content/StarterContent/Textures/T_Brick_Cut_Stone_N.uasset" 980
"D:/ALLMYFAVORITES/DFT/Content/StarterContent/Textures/T_Brick_Cut_Stone_N.uexp" 981
"D:/ALLMYFAVORITES/DFT/Content/StarterContent/Textures/T_Brick_Cut_Stone_D.uasset" 982
"D:/ALLMYFAVORITES/DFT/Content/StarterContent/Textures/T_Brick_Cut_Stone_D.uexp" 983
"D:/ALLMYFAVORITES/DFT/Content/StarterContent/Materials/M_Brick_Cut_Stone.uasset" 984
"D:/ALLMYFAVORITES/DFT/Content/StarterContent/Materials/M_Brick_Cut_Stone.uexp" 985
"D:/ALLMYFAVORITES/DFT/Content/Common/House/DFTRoom_CTRL_Hole_027.uasset" 986
"D:/ALLMYFAVORITES/DFT/Content/Common/House/DFTRoom_CTRL_Hole_027.uexp" 987
"D:/ALLMYFAVORITES/DFT/Content/Common/House/DFTRoom_Stairs_003.uasset" 988
"D:/ALLMYFAVORITES/DFT/Content/Common/House/DFTRoom_Stairs_003.uexp" 989
"D:/ALLMYFAVORITES/DFT/Content/Common/House/DFTRoom_Stairs_008.uasset" 990
"D:/ALLMYFAVORITES/DFT/Content/Common/House/DFTRoom_Stairs_008.uexp" 991
"D:/ALLMYFAVORITES/DFT/Content/Common/House/DFTRoom_Stairs_002.uasset" 992
"D:/ALLMYFAVORITES/DFT/Content/Common/House/DFTRoom_Stairs_002.uexp" 993
"D:/ALLMYFAVORITES/DFT/Content/Common/House/DFTRoom_Room_017.uasset" 994
"D:/ALLMYFAVORITES/DFT/Content/Common/House/DFTRoom_Room_017.uexp" 995
"D:/ALLMYFAVORITES/DFT/Content/Common/House/DFTRoom_Room_006.uasset" 996
"D:/ALLMYFAVORITES/DFT/Content/Common/House/DFTRoom_Room_006.uexp" 997
"D:/ALLMYFAVORITES/DFT/Content/Common/House/DFTRoom_Room.uasset" 998
"D:/ALLMYFAVORITES/DFT/Content/Common/House/DFTRoom_Room.uexp" 999
"D:/ALLMYFAVORITES/DFT/Content/Common/House/DFTRoom_Baseboard_002.uasset" 1000
"D:/ALLMYFAVORITES/DFT/Content/Common/House/DFTRoom_Baseboard_002.uexp" 1001
"D:/ALLMYFAVORITES/DFT/Content/Common/House/DFTRoom_Room_015.uasset" 1002
"D:/ALLMYFAVORITES/DFT/Content/Common/House/DFTRoom_Room_015.uexp" 1003
"D:/ALLMYFAVORITES/DFT/Content/Common/House/DFTRoom_CTRL_Hole_032.uasset" 1004
"D:/ALLMYFAVORITES/DFT/Content/Common/House/DFTRoom_CTRL_Hole_032.uexp" 1005
"D:/ALLMYFAVORITES/DFT/Content/Common/House/DFTRoom_Stairs_004.uasset" 1006
"D:/ALLMYFAVORITES/DFT/Content/Common/House/DFTRoom_Stairs_004.uexp" 1007
"D:/ALLMYFAVORITES/DFT/Content/Common/House/DFTRoom_CTRL_Hole_011.uasset" 1008
"D:/ALLMYFAVORITES/DFT/Content/Common/House/DFTRoom_CTRL_Hole_011.uexp" 1009
"D:/ALLMYFAVORITES/DFT/Content/Common/House/DFTRoom_CTRL_Hole_015.uasset" 1010
"D:/ALLMYFAVORITES/DFT/Content/Common/House/DFTRoom_CTRL_Hole_015.uexp" 1011
"D:/ALLMYFAVORITES/DFT/Content/Common/House/DFTRoom_CTRL_Hole_012.uasset" 1012
"D:/ALLMYFAVORITES/DFT/Content/Common/House/DFTRoom_CTRL_Hole_012.uexp" 1013
"D:/ALLMYFAVORITES/DFT/Content/Common/House/DFTRoom_CTRL_Hole_028.uasset" 1014
"D:/ALLMYFAVORITES/DFT/Content/Common/House/DFTRoom_CTRL_Hole_028.uexp" 1015
"D:/ALLMYFAVORITES/DFT/Content/Common/House/DFTRoom_CTRL_Hole_009.uasset" 1016
"D:/ALLMYFAVORITES/DFT/Content/Common/House/DFTRoom_CTRL_Hole_009.uexp" 1017
"D:/ALLMYFAVORITES/DFT/Content/Common/House/DFTRoom_Stairs_006.uasset" 1018
"D:/ALLMYFAVORITES/DFT/Content/Common/House/DFTRoom_Stairs_006.uexp" 1019
"D:/ALLMYFAVORITES/DFT/Content/Common/House/DFTRoom_CTRL_Hole_029.uasset" 1020
"D:/ALLMYFAVORITES/DFT/Content/Common/House/DFTRoom_CTRL_Hole_029.uexp" 1021
"D:/ALLMYFAVORITES/DFT/Content/Common/House/DFTRoom_CTRL_Hole_006.uasset" 1022
"D:/ALLMYFAVORITES/DFT/Content/Common/House/DFTRoom_CTRL_Hole_006.uexp" 1023
"D:/ALLMYFAVORITES/DFT/Content/Common/House/DFTRoom_CTRL_Hole_018.uasset" 1024
"D:/ALLMYFAVORITES/DFT/Content/Common/House/DFTRoom_CTRL_Hole_018.uexp" 1025
"D:/ALLMYFAVORITES/DFT/Content/Common/House/DFTRoom_CTRL_Hole_017.uasset" 1026
"D:/ALLMYFAVORITES/DFT/Content/Common/House/DFTRoom_CTRL_Hole_017.uexp" 1027
"D:/ALLMYFAVORITES/DFT/Content/Common/House/DFTRoom_CTRL_Hole_001.uasset" 1028
"D:/ALLMYFAVORITES/DFT/Content/Common/House/DFTRoom_CTRL_Hole_001.uexp" 1029
"D:/ALLMYFAVORITES/DFT/Content/Common/House/DFTRoom_CTRL_Hole_005.uasset" 1030
"D:/ALLMYFAVORITES/DFT/Content/Common/House/DFTRoom_CTRL_Hole_005.uexp" 1031
"D:/ALLMYFAVORITES/DFT/Content/Common/House/DFTRoom_Room_002.uasset" 1032
"D:/ALLMYFAVORITES/DFT/Content/Common/House/DFTRoom_Room_002.uexp" 1033
"D:/ALLMYFAVORITES/DFT/Content/Common/House/DFTRoom_Room_005.uasset" 1034
"D:/ALLMYFAVORITES/DFT/Content/Common/House/DFTRoom_Room_005.uexp" 1035
"D:/ALLMYFAVORITES/DFT/Content/Common/UI/EndGameScreen.uasset" 1036
"D:/ALLMYFAVORITES/DFT/Content/Common/UI/EndGameScreen.uexp" 1037
"D:/ALLMYFAVORITES/DFT/Content/Common/UI/EndGameScreenTimmiesWon.uasset" 1038
"D:/ALLMYFAVORITES/DFT/Content/Common/UI/EndGameScreenTimmiesWon.uexp" 1039
"D:/ALLMYFAVORITES/DFT/Content/Common/UI/Wave2Info.uasset" 1040
"D:/ALLMYFAVORITES/DFT/Content/Common/UI/Wave2Info.uexp" 1041
"D:/ALLMYFAVORITES/DFT/Content/Common/UI/Wave1Info.uasset" 1042
"D:/ALLMYFAVORITES/DFT/Content/Common/UI/Wave1Info.uexp" 1043
"D:/ALLMYFAVORITES/DFT/Content/Common/Game/DFT_PlayerController.uasset" 1044
"D:/ALLMYFAVORITES/DFT/Content/Common/Game/DFT_PlayerController.uexp" 1045
"D:/ALLMYFAVORITES/DFT/Content/Common/UI/WaveInfo.uasset" 1046
"D:/ALLMYFAVORITES/DFT/Content/Common/UI/WaveInfo.uexp" 1047
"D:/ALLMYFAVORITES/DFT/Content/Common/Game/DFT_Spectator.uasset" 1048
"D:/ALLMYFAVORITES/DFT/Content/Common/Game/DFT_Spectator.uexp" 1049
"D:/ALLMYFAVORITES/DFT/Content/Common/Game/DFT_PlayerState.uasset" 1050
"D:/ALLMYFAVORITES/DFT/Content/Common/Game/DFT_PlayerState.uexp" 1051
"D:/ALLMYFAVORITES/DFT/Content/Common/Game/DFT_HUD.uasset" 1052
"D:/ALLMYFAVORITES/DFT/Content/Common/Game/DFT_HUD.uexp" 1053
"D:/ALLMYFAVORITES/DFT/Content/Common/Game/DFT_GameState.uasset" 1054
"D:/ALLMYFAVORITES/DFT/Content/Common/Game/DFT_GameState.uexp" 1055
"D:/ALLMYFAVORITES/DFT/Content/Common/Game/DFT_GameMode.uasset" 1056
"D:/ALLMYFAVORITES/DFT/Content/Common/Game/DFT_GameMode.uexp" 1057
"D:/ALLMYFAVORITES/DFT/Content/Maps/DFT_Terrain_BuiltData.uasset" 1058
"D:/ALLMYFAVORITES/DFT/Content/Maps/DFT_Terrain_BuiltData.uexp" 1059
"D:/ALLMYFAVORITES/DFT/Content/Common/House/DFTRoom_Stairs_005.uasset" 1060
"D:/ALLMYFAVORITES/DFT/Content/Common/House/DFTRoom_Stairs_005.uexp" 1061
"D:/ALLMYFAVORITES/DFT/Content/Common/House/DFTRoom_Room_009.uasset" 1062
"D:/ALLMYFAVORITES/DFT/Content/Common/House/DFTRoom_Room_009.uexp" 1063
"D:/ALLMYFAVORITES/DFT/Content/Common/House/DFTRoom_CTRL_Hole_020.uasset" 1064
"D:/ALLMYFAVORITES/DFT/Content/Common/House/DFTRoom_CTRL_Hole_020.uexp" 1065
"D:/ALLMYFAVORITES/DFT/Content/Common/House/DFTRoom_Room_019.uasset" 1066
"D:/ALLMYFAVORITES/DFT/Content/Common/House/DFTRoom_Room_019.uexp" 1067
"D:/ALLMYFAVORITES/DFT/Content/Common/House/DFTRoom_Room_001.uasset" 1068
"D:/ALLMYFAVORITES/DFT/Content/Common/House/DFTRoom_Room_001.uexp" 1069
"D:/ALLMYFAVORITES/DFT/Content/Common/House/DFTRoom_Stairs_014.uasset" 1070
"D:/ALLMYFAVORITES/DFT/Content/Common/House/DFTRoom_Stairs_014.uexp" 1071
"D:/ALLMYFAVORITES/DFT/Content/Common/House/DFTRoom_Room_018.uasset" 1072
"D:/ALLMYFAVORITES/DFT/Content/Common/House/DFTRoom_Room_018.uexp" 1073
"D:/ALLMYFAVORITES/DFT/Content/Common/House/DFTRoom_CTRL_Hole_022.uasset" 1074
"D:/ALLMYFAVORITES/DFT/Content/Common/House/DFTRoom_CTRL_Hole_022.uexp" 1075
"D:/ALLMYFAVORITES/DFT/Content/Common/House/DFTRoom_CTRL_Hole_024.uasset" 1076
"D:/ALLMYFAVORITES/DFT/Content/Common/House/DFTRoom_CTRL_Hole_024.uexp" 1077
"D:/ALLMYFAVORITES/DFT/Content/Common/House/DFTRoom_Stairs_007.uasset" 1078
"D:/ALLMYFAVORITES/DFT/Content/Common/House/DFTRoom_Stairs_007.uexp" 1079
"D:/ALLMYFAVORITES/DFT/Content/StarterContent/Textures/T_Ground_Grass_D.uasset" 1080
"D:/ALLMYFAVORITES/DFT/Content/StarterContent/Textures/T_Ground_Grass_D.uexp" 1081
"D:/ALLMYFAVORITES/DFT/Content/StarterContent/Textures/T_Ground_Grass_N.uasset" 1082
"D:/ALLMYFAVORITES/DFT/Content/StarterContent/Textures/T_Ground_Grass_N.uexp" 1083
"D:/ALLMYFAVORITES/DFT/Content/StarterContent/Materials/M_Ground_Grass.uasset" 1084
"D:/ALLMYFAVORITES/DFT/Content/StarterContent/Materials/M_Ground_Grass.uexp" 1085
"D:/ALLMYFAVORITES/DFT/Content/Common/House/DFTRoom_Room_004.uasset" 1086
"D:/ALLMYFAVORITES/DFT/Content/Common/House/DFTRoom_Room_004.uexp" 1087
"D:/ALLMYFAVORITES/DFT/Content/Common/House/DFTRoom_Stairs_009.uasset" 1088
"D:/ALLMYFAVORITES/DFT/Content/Common/House/DFTRoom_Stairs_009.uexp" 1089
"D:/ALLMYFAVORITES/DFT/Content/Common/House/DFTRoom_CTRL_Hole_034.uasset" 1090
"D:/ALLMYFAVORITES/DFT/Content/Common/House/DFTRoom_CTRL_Hole_034.uexp" 1091
"D:/ALLMYFAVORITES/DFT/Content/Textures/Painting/Kitsune/export1678467592448.uasset" 1092
"D:/ALLMYFAVORITES/DFT/Content/Textures/Painting/Kitsune/export1678467592448.uexp" 1093
"D:/ALLMYFAVORITES/DFT/Content/Textures/Painting/Kitsune/M_Painting2.uasset" 1094
"D:/ALLMYFAVORITES/DFT/Content/Textures/Painting/Kitsune/M_Painting2.uexp" 1095
"D:/ALLMYFAVORITES/DFT/Content/Textures/Painting/Kitsune/Painting2.uasset" 1096
"D:/ALLMYFAVORITES/DFT/Content/Textures/Painting/Kitsune/Painting2.uexp" 1097
"D:/ALLMYFAVORITES/DFT/Content/Common/House/DFTRoom_Baseboard_001.uasset" 1098
"D:/ALLMYFAVORITES/DFT/Content/Common/House/DFTRoom_Baseboard_001.uexp" 1099
"D:/ALLMYFAVORITES/DFT/Content/Common/House/DFTRoom_CTRL_Hole_013.uasset" 1100
"D:/ALLMYFAVORITES/DFT/Content/Common/House/DFTRoom_CTRL_Hole_013.uexp" 1101
"D:/ALLMYFAVORITES/DFT/Content/Common/House/DFTRoom_Room_012.uasset" 1102
"D:/ALLMYFAVORITES/DFT/Content/Common/House/DFTRoom_Room_012.uexp" 1103
"D:/ALLMYFAVORITES/DFT/Content/Common/House/DFTRoom_CTRL_Hole_007.uasset" 1104
"D:/ALLMYFAVORITES/DFT/Content/Common/House/DFTRoom_CTRL_Hole_007.uexp" 1105
"D:/ALLMYFAVORITES/DFT/Content/Common/House/DFTRoom_CTRL_Hole_010.uasset" 1106
"D:/ALLMYFAVORITES/DFT/Content/Common/House/DFTRoom_CTRL_Hole_010.uexp" 1107
"D:/ALLMYFAVORITES/DFT/Content/Common/House/DFTRoom_CTRL_Hole_025.uasset" 1108
"D:/ALLMYFAVORITES/DFT/Content/Common/House/DFTRoom_CTRL_Hole_025.uexp" 1109
"D:/ALLMYFAVORITES/DFT/Content/Common/House/DFTRoom_CTRL_Hole_008.uasset" 1110
"D:/ALLMYFAVORITES/DFT/Content/Common/House/DFTRoom_CTRL_Hole_008.uexp" 1111
"D:/ALLMYFAVORITES/DFT/Content/Common/House/DFTRoom_CTRL_Hole_030.uasset" 1112
"D:/ALLMYFAVORITES/DFT/Content/Common/House/DFTRoom_CTRL_Hole_030.uexp" 1113
"D:/ALLMYFAVORITES/DFT/Content/Common/House/DFTRoom_CTRL_Hole_014.uasset" 1114
"D:/ALLMYFAVORITES/DFT/Content/Common/House/DFTRoom_CTRL_Hole_014.uexp" 1115
"D:/ALLMYFAVORITES/DFT/Content/Common/House/DFTRoom_CTRL_Hole_003.uasset" 1116
"D:/ALLMYFAVORITES/DFT/Content/Common/House/DFTRoom_CTRL_Hole_003.uexp" 1117
"D:/ALLMYFAVORITES/DFT/Content/Maps/DFT_Terrain.uexp" 1118
"D:/ALLMYFAVORITES/DFT/Content/Maps/DFT_Terrain.umap" 1119
